Path to output is:	 /work2/07346/ashukla/ls6/ThreeStageModel/output/binary_model_250/
Creating model instance.
The number of mini-brent models is	 54
Number of scenarios per model is	 4
Set parameter TokenServer to value "license02.tacc.utexas.edu"
Set parameter MIPFocus to value 3
Set parameter LogFile to value "/work2/07346/ashukla/ls6/ThreeStageModel/output/binary_model_250/log"
Set parameter MIPGap to value 0.005
Set parameter TimeLimit to value 129600
Set parameter Method to value 2
Set parameter NodefileStart to value 0.5
Set parameter Threads to value 10
Gurobi Optimizer version 10.0.2 build v10.0.2rc0 (linux64)

CPU model: AMD EPYC 7763 64-Core Processor, instruction set [SSE2|AVX|AVX2]
Thread count: 128 physical cores, 128 logical processors, using up to 10 threads

Optimize a model with 3550990 rows, 1101211 columns and 9913093 nonzeros
Model fingerprint: 0x22e4bc10
Variable types: 755788 continuous, 345423 integer (305964 binary)
Coefficient statistics:
  Matrix range     [1e-03, 6e+05]
  Objective range  [1e+00, 1e+00]
  Bounds range     [1e+00, 4e+00]
  RHS range        [1e-02, 1e+05]
Presolve removed 2802232 rows and 436288 columns (presolve time = 5s) ...
Presolve removed 3045334 rows and 681118 columns (presolve time = 10s) ...
Presolve removed 3075112 rows and 698083 columns (presolve time = 15s) ...
Presolve removed 3104671 rows and 699580 columns (presolve time = 20s) ...
Presolve removed 3104671 rows and 699580 columns (presolve time = 26s) ...
Presolve removed 3104671 rows and 699580 columns
Presolve time: 26.36s
Presolved: 446319 rows, 401631 columns, 1615410 nonzeros
Variable types: 297157 continuous, 104474 integer (65015 binary)
Root relaxation presolve removed 82972 rows and 60743 columns
Root relaxation presolved: 363347 rows, 340888 columns, 1427223 nonzeros

Root barrier log...

Ordering time: 2.84s
Elapsed ordering time = 5s
Elapsed ordering time = 11s
Elapsed ordering time = 15s
Ordering time: 16.26s

Barrier statistics:
 AA' NZ     : 3.563e+07
 Factor NZ  : 2.331e+08 (roughly 2.0 GB of memory)
 Factor Ops : 1.470e+12 (roughly 7 seconds per iteration)
 Threads    : 9

                  Objective                Residual
Iter       Primal          Dual         Primal    Dual     Compl     Time
   0  -1.13419335e+12 -2.60828130e+12  1.18e+04 1.48e+05  9.75e+07    56s
   1  -9.26346688e+11 -2.51266618e+12  9.64e+03 4.52e+05  7.89e+07    59s
   2  -4.91154992e+11 -2.25530132e+12  4.61e+03 1.23e+05  4.28e+07    62s
   3  -5.44305261e+10 -1.77117227e+12  4.33e+02 1.78e-07  6.44e+06    65s
   4  -3.15783475e+09 -1.55543709e+12  2.87e+00 1.05e-07  2.21e+06    68s
   5   1.41366835e+09 -2.79297783e+11  6.43e-01 5.00e-08  3.62e+05    72s
   6   2.16865145e+09 -3.49353646e+10  7.13e-03 2.12e-08  4.19e+04    75s
   7   9.72975365e+08 -4.53898272e+09  1.34e-03 4.07e-09  6.20e+03    79s
   8   2.46954085e+08 -9.18128094e+08  6.70e-05 9.31e-10  1.31e+03    84s
   9   1.50169636e+08 -1.72796224e+08  2.97e-05 7.09e-10  3.63e+02    90s
  10   1.02782686e+08 -3.50173739e+07  1.65e-05 3.76e-10  1.55e+02    95s
  11   7.53132595e+07  1.47055389e+07  9.95e-06 5.82e-10  6.82e+01   101s
  12   6.53032703e+07  2.32539950e+07  7.45e-06 3.49e-10  4.73e+01   106s
  13   5.65876699e+07  2.74533822e+07  5.33e-06 4.66e-10  3.28e+01   112s
  14   5.20692685e+07  2.93170978e+07  4.31e-06 4.66e-10  2.56e+01   117s
  15   4.95693428e+07  3.03706481e+07  3.83e-06 3.49e-10  2.16e+01   122s
  16   4.85842806e+07  3.10027878e+07  3.58e-06 3.49e-10  1.98e+01   127s
  17   4.50702270e+07  3.20312742e+07  2.84e-06 3.49e-10  1.47e+01   132s
  18   4.18893266e+07  3.25661757e+07  1.98e-06 5.82e-10  1.05e+01   137s
  19   4.11722157e+07  3.29145562e+07  1.79e-06 4.66e-10  9.29e+00   143s
  20   4.03601723e+07  3.31798936e+07  1.57e-06 3.49e-10  8.08e+00   148s
  21   3.85817958e+07  3.36556414e+07  1.18e-06 5.35e-10  5.54e+00   153s
  22   3.78790041e+07  3.38190286e+07  9.77e-07 6.98e-10  4.57e+00   159s
  23   3.70805537e+07  3.39715910e+07  7.61e-07 4.76e-10  3.50e+00   164s
  24   3.65898632e+07  3.40983140e+07  6.16e-07 4.12e-10  2.80e+00   169s
  25   3.63691584e+07  3.41669975e+07  5.50e-07 9.31e-10  2.48e+00   174s
  26   3.55672769e+07  3.43104005e+07  3.14e-07 6.98e-10  1.41e+00   180s
  27   3.51335355e+07  3.44107183e+07  1.87e-07 5.82e-10  8.13e-01   185s
  28   3.48583052e+07  3.44737101e+07  1.01e-07 4.66e-10  4.33e-01   191s
  29   3.46730442e+07  3.44897186e+07  4.43e-08 3.49e-10  2.06e-01   197s
  30   3.46011022e+07  3.45118135e+07  2.25e-08 5.82e-10  1.00e-01   202s
  31   3.45689721e+07  3.45180347e+07  1.29e-08 4.66e-10  5.73e-02   208s
  32   3.45482381e+07  3.45225642e+07  6.47e-09 4.66e-10  2.89e-02   214s
  33   3.45377015e+07  3.45241929e+07  3.35e-09 5.82e-10  1.52e-02   219s
  34   3.45308605e+07  3.45259593e+07  1.13e-09 8.15e-10  5.51e-03   225s
  35   3.45287784e+07  3.45270235e+07  3.29e-09 4.66e-10  1.97e-03   231s
  36   3.45278100e+07  3.45271474e+07  3.30e-09 3.49e-10  7.45e-04   236s
  37   3.45275955e+07  3.45272215e+07  1.25e-07 5.82e-10  4.21e-04   241s
  38   3.45273705e+07  3.45272570e+07  3.45e-07 8.15e-10  1.28e-04   246s
  39   3.45273321e+07  3.45272857e+07  5.05e-07 9.31e-10  5.22e-05   251s
  40   3.45273104e+07  3.45272950e+07  4.33e-07 3.49e-10  1.73e-05   256s
  41   3.45273015e+07  3.45272969e+07  4.92e-07 3.49e-10  5.17e-06   261s
  42   3.45272997e+07  3.45272975e+07  4.07e-07 3.49e-10  2.52e-06   266s
  43   3.45272976e+07  3.45272976e+07  5.73e-06 5.82e-10  6.82e-08   271s
  44   3.45272976e+07  3.45272976e+07  1.91e-06 1.28e-09  2.24e-09   277s

Barrier solved model in 44 iterations and 276.90 seconds (407.06 work units)
Optimal objective 3.45272976e+07


Root crossover log...

   90609 DPushes remaining with DInf 0.0000000e+00               278s
     231 DPushes remaining with DInf 0.0000000e+00               280s
       0 DPushes remaining with DInf 0.0000000e+00               280s

   21897 PPushes remaining with PInf 2.4226789e-03               281s
    5350 PPushes remaining with PInf 1.3164677e-05               287s
       0 PPushes remaining with PInf 0.0000000e+00               291s

  Push phase complete: Pinf 0.0000000e+00, Dinf 4.9985330e+02    291s


Root simplex log...

Iteration    Objective       Primal Inf.    Dual Inf.      Time
   28417    3.4527298e+07   0.000000e+00   4.998533e+02    291s
   28419    3.4527298e+07   0.000000e+00   0.000000e+00    292s
   28421    3.4527298e+07   0.000000e+00   0.000000e+00    295s
Extra simplex iterations after uncrush: 2

Root relaxation: objective 3.452730e+07, 28421 iterations, 265.64 seconds (418.99 work units)
Total elapsed time = 415.61s
Total elapsed time = 468.85s
Total elapsed time = 477.01s
Total elapsed time = 508.65s
Total elapsed time = 547.84s
Total elapsed time = 560.74s

    Nodes    |    Current Node    |     Objective Bounds      |     Work
 Expl Unexpl |  Obj  Depth IntInf | Incumbent    BestBd   Gap | It/Node Time

     0     0 3.4527e+07    0 4514          - 3.4527e+07      -     -  589s
     0     0 3.4527e+07    0 4652          - 3.4527e+07      -     -  638s
     0     0 4.5455e+07    0 3061          - 4.5455e+07      -     - 1276s
H    0     0                    7.042156e+07 4.5455e+07  35.5%     - 1392s
H    0     0                    6.813525e+07 4.5455e+07  33.3%     - 1561s
     0     0 4.7563e+07    0 3940 6.8135e+07 4.7563e+07  30.2%     - 1996s
     0     0 4.7563e+07    0 3874 6.8135e+07 4.7563e+07  30.2%     - 2032s
     0     0 4.7655e+07    0 4335 6.8135e+07 4.7655e+07  30.1%     - 2124s
     0     0 4.7655e+07    0 4346 6.8135e+07 4.7655e+07  30.1%     - 2224s
     0     0 4.7659e+07    0 4387 6.8135e+07 4.7659e+07  30.1%     - 2355s
     0     0 4.7659e+07    0 4358 6.8135e+07 4.7659e+07  30.1%     - 2364s
     0     0 4.9720e+07    0 2826 6.8135e+07 4.9720e+07  27.0%     - 3504s
H    0     0                    6.777525e+07 4.9720e+07  26.6%     - 3518s
H    0     0                    5.939672e+07 4.9720e+07  16.3%     - 3564s
     0     0 4.9947e+07    0 2378 5.9397e+07 4.9947e+07  15.9%     - 3940s
     0     0 4.9964e+07    0 2346 5.9397e+07 4.9964e+07  15.9%     - 3968s
     0     0 4.9964e+07    0 2322 5.9397e+07 4.9964e+07  15.9%     - 3977s
     0     0 5.0181e+07    0 2729 5.9397e+07 5.0181e+07  15.5%     - 4746s
H    0     0                    5.812589e+07 5.0181e+07  13.7%     - 4984s
     0     0 5.0192e+07    0 2900 5.8126e+07 5.0192e+07  13.6%     - 5045s
     0     0 5.0192e+07    0 2955 5.8126e+07 5.0192e+07  13.6%     - 5100s
     0     0 5.0232e+07    0 2801 5.8126e+07 5.0232e+07  13.6%     - 5742s
     0     0 5.0232e+07    0 2801 5.8126e+07 5.0232e+07  13.6%     - 5743s
     0     0 5.0241e+07    0 3029 5.8126e+07 5.0241e+07  13.6%     - 6079s
     0     0 5.0241e+07    0 3007 5.8126e+07 5.0241e+07  13.6%     - 6121s
     0     0 5.0242e+07    0 3013 5.8126e+07 5.0242e+07  13.6%     - 6132s
     0     0 5.0275e+07    0 3014 5.8126e+07 5.0275e+07  13.5%     - 6635s
     0     0 5.0275e+07    0 3031 5.8126e+07 5.0275e+07  13.5%     - 7166s
     0     0 5.0278e+07    0 3027 5.8126e+07 5.0278e+07  13.5%     - 7712s
     0     0 5.0279e+07    0 3027 5.8126e+07 5.0279e+07  13.5%     - 7798s
     0     0 5.0287e+07    0 3072 5.8126e+07 5.0287e+07  13.5%     - 8528s
     0     0 5.0287e+07    0 3081 5.8126e+07 5.0287e+07  13.5%     - 8976s
     0     0 5.0295e+07    0 3058 5.8126e+07 5.0295e+07  13.5%     - 9767s
     0     0 5.0295e+07    0 3052 5.8126e+07 5.0295e+07  13.5%     - 9830s
     0     0 5.0295e+07    0 3048 5.8126e+07 5.0295e+07  13.5%     - 10201s
H    0     0                    5.641081e+07 5.0295e+07  10.8%     - 14716s
     0     0 5.0295e+07    0 4200 5.6411e+07 5.0295e+07  10.8%     - 15460s
     0     0 5.0295e+07    0 2069 5.6411e+07 5.0295e+07  10.8%     - 15848s
     0     0 5.0295e+07    0 2828 5.6411e+07 5.0295e+07  10.8%     - 17131s
     0     0 5.0296e+07    0 2936 5.6411e+07 5.0296e+07  10.8%     - 17362s
     0     0 5.0296e+07    0 2923 5.6411e+07 5.0296e+07  10.8%     - 17374s
     0     0 5.0302e+07    0 2843 5.6411e+07 5.0302e+07  10.8%     - 17922s
     0     0 5.0302e+07    0 2865 5.6411e+07 5.0302e+07  10.8%     - 18171s
     0     0 5.0302e+07    0 2847 5.6411e+07 5.0302e+07  10.8%     - 18374s
     0     0 5.0302e+07    0 2849 5.6411e+07 5.0302e+07  10.8%     - 18448s
     0     0 5.0302e+07    0 2856 5.6411e+07 5.0302e+07  10.8%     - 18550s
     0     0 5.0302e+07    0 2860 5.6411e+07 5.0302e+07  10.8%     - 18567s
     0     0 5.0302e+07    0 2866 5.6411e+07 5.0302e+07  10.8%     - 18676s
     0     0 5.0302e+07    0 2871 5.6411e+07 5.0302e+07  10.8%     - 19162s
     0     0 5.0302e+07    0 2859 5.6411e+07 5.0302e+07  10.8%     - 19646s
     0     0 5.0302e+07    0 2859 5.6411e+07 5.0302e+07  10.8%     - 19647s
     0     0 5.0302e+07    0 2857 5.6411e+07 5.0302e+07  10.8%     - 19743s
     0     2 5.0302e+07    0 2850 5.6411e+07 5.0302e+07  10.8%     - 20243s
     1     5 5.0766e+07    1 3292 5.6411e+07 5.0304e+07  10.8% 63730 20992s
     3     8 5.0557e+07    2 2685 5.6411e+07 5.0431e+07  10.6% 117018 23925s
     7    16 5.0571e+07    3 2500 5.6411e+07 5.0558e+07  10.4% 86935 25289s
    15    26 5.0577e+07    4 2474 5.6411e+07 5.0571e+07  10.4% 72854 26108s
    25    36 5.0582e+07    5 2384 5.6411e+07 5.0581e+07  10.3% 73774 35870s
