Path to output is:	 /work2/07346/ashukla/ls6/ThreeStageModel/output/granular_perfect_prediction/
Creating model instance.
The number of mini-brent models is	 54
Number of scenarios per model is	 4
Set parameter TokenServer to value "license02.tacc.utexas.edu"
Set parameter MIPFocus to value 3
Set parameter LogFile to value "/work2/07346/ashukla/ls6/ThreeStageModel/output/granular_perfect_prediction/log"
Set parameter MIPGap to value 0.005
Set parameter TimeLimit to value 165600
Set parameter Method to value 2
Set parameter NodefileStart to value 0.5
Set parameter Threads to value 10
Gurobi Optimizer version 10.0.2 build v10.0.2rc0 (linux64)

CPU model: AMD EPYC 7763 64-Core Processor, instruction set [SSE2|AVX|AVX2]
Thread count: 128 physical cores, 128 logical processors, using up to 10 threads

Optimize a model with 3551352 rows, 1101573 columns and 9913817 nonzeros
Model fingerprint: 0xe60bcdc4
Variable types: 755788 continuous, 345785 integer (306326 binary)
Coefficient statistics:
  Matrix range     [1e-03, 3e+05]
  Objective range  [1e+00, 1e+00]
  Bounds range     [1e+00, 7e+00]
  RHS range        [1e-02, 1e+05]
Presolve removed 2802594 rows and 436650 columns (presolve time = 5s) ...
Presolve removed 3045696 rows and 681480 columns (presolve time = 10s) ...
Presolve removed 3075474 rows and 698107 columns (presolve time = 15s) ...
Presolve removed 3104353 rows and 699889 columns (presolve time = 20s) ...
Presolve removed 3104353 rows and 699889 columns (presolve time = 25s) ...
Presolve removed 3104353 rows and 699889 columns
Presolve time: 25.63s
Presolved: 446999 rows, 401684 columns, 1617523 nonzeros
Variable types: 297157 continuous, 104527 integer (65068 binary)
Root relaxation presolve removed 82894 rows and 60743 columns
Root relaxation presolved: 364105 rows, 340941 columns, 1429492 nonzeros

Root barrier log...

Ordering time: 3.38s
Elapsed ordering time = 5s
Elapsed ordering time = 10s
Elapsed ordering time = 15s
Ordering time: 19.66s

Barrier statistics:
 AA' NZ     : 2.247e+07
 Factor NZ  : 2.094e+08 (roughly 2.0 GB of memory)
 Factor Ops : 1.280e+12 (roughly 6 seconds per iteration)
 Threads    : 9

                  Objective                Residual
Iter       Primal          Dual         Primal    Dual     Compl     Time
   0  -2.52232094e+13 -6.24705002e+13  1.08e+04 3.56e+06  2.14e+09    57s
   1  -2.16006665e+13 -5.99525553e+13  9.22e+03 1.26e+07  1.80e+09    60s
   2  -1.15386017e+13 -5.33546636e+13  4.47e+03 4.10e+06  9.83e+08    63s
   3  -1.50328115e+12 -3.72967279e+13  6.13e+02 1.29e-06  1.60e+08    66s
   4  -5.47409150e+10 -3.40695313e+13  4.61e+00 1.29e-06  4.69e+07    68s
   5   3.22380142e+10 -7.90715130e+12  5.04e-01 1.03e-06  9.82e+06    72s
   6   4.43711359e+10 -7.47656060e+11  7.86e-03 8.15e-07  8.93e+05    75s
   7   1.69149422e+10 -7.86945229e+10  5.01e-05 3.71e-08  1.07e+05    80s
   8   7.09915739e+09 -3.67348145e+10  1.92e-05 2.33e-08  4.93e+04    84s
   9   2.86307491e+09 -1.73804115e+10  6.21e-06 1.07e-08  2.27e+04    89s
  10   1.45012749e+09 -8.70361205e+09  2.50e-06 7.45e-09  1.14e+04    93s
  11   3.63622592e+08 -1.21812929e+09  3.82e-07 1.12e-08  1.78e+03    99s
  12   1.80131155e+08 -1.46718753e+08  1.08e-07 1.12e-08  3.67e+02   105s
  13   9.14981225e+07  4.04534498e+06  2.06e-08 7.45e-09  9.83e+01   110s
  14   7.94318739e+07  2.81388026e+07  1.36e-08 7.45e-09  5.76e+01   115s
  15   7.70402192e+07  3.19459876e+07  1.22e-08 7.45e-09  5.07e+01   120s
  16   7.31734064e+07  3.57922890e+07  1.00e-08 7.45e-09  4.20e+01   125s
  17   6.98161250e+07  4.03034059e+07  8.23e-09 7.45e-09  3.32e+01   129s
  18   6.83420308e+07  4.22260672e+07  7.38e-09 7.45e-09  2.93e+01   134s
  19   6.62205232e+07  4.41698620e+07  6.11e-09 7.45e-09  2.48e+01   139s
  20   6.34784480e+07  4.61966896e+07  4.51e-09 7.45e-09  1.94e+01   143s
  21   6.22597413e+07  4.81645778e+07  3.88e-09 7.45e-09  1.58e+01   148s
  22   6.17569877e+07  4.84561141e+07  3.60e-09 7.45e-09  1.49e+01   153s
  23   6.01014565e+07  4.94107059e+07  2.63e-09 7.45e-09  1.20e+01   157s
  24   5.95663699e+07  5.01006463e+07  2.36e-09 7.45e-09  1.06e+01   161s
  25   5.86771784e+07  5.13524866e+07  1.88e-09 7.45e-09  8.23e+00   166s
  26   5.83828863e+07  5.17912909e+07  1.71e-09 7.45e-09  7.41e+00   170s
  27   5.80190843e+07  5.26248394e+07  1.51e-09 7.45e-09  6.06e+00   175s
  28   5.74785496e+07  5.30125675e+07  1.19e-09 7.45e-09  5.02e+00   179s
  29   5.72063608e+07  5.33306907e+07  1.03e-09 7.45e-09  4.35e+00   184s
  30   5.65742173e+07  5.34602511e+07  6.32e-10 7.45e-09  3.50e+00   188s
  31   5.61271007e+07  5.43479533e+07  3.70e-10 7.45e-09  2.00e+00   193s
  32   5.59368777e+07  5.48488610e+07  2.69e-10 7.45e-09  1.22e+00   199s
  33   5.56240531e+07  5.52773926e+07  1.06e-10 1.12e-08  3.90e-01   205s
  34   5.55174003e+07  5.53888187e+07  5.14e-11 1.12e-08  1.44e-01   210s
  35   5.54629295e+07  5.54003253e+07  4.54e-11 1.49e-08  7.03e-02   216s
  36   5.54361239e+07  5.54080337e+07  2.96e-11 7.45e-09  3.16e-02   221s
  37   5.54188272e+07  5.54109158e+07  2.49e-10 1.12e-08  8.89e-03   227s
  38   5.54152646e+07  5.54117638e+07  1.02e-10 7.45e-09  3.93e-03   232s
  39   5.54136766e+07  5.54122903e+07  6.28e-11 7.45e-09  1.56e-03   238s
  40   5.54135145e+07  5.54123976e+07  2.20e-09 7.45e-09  1.25e-03   243s

Barrier solved model in 40 iterations and 242.62 seconds (339.45 work units)
Optimal objective 5.54135145e+07


Root crossover log...

  205388 DPushes remaining with DInf 0.0000000e+00               243s
   50235 DPushes remaining with DInf 0.0000000e+00               245s
   36374 DPushes remaining with DInf 0.0000000e+00               250s
   21763 DPushes remaining with DInf 0.0000000e+00               258s
   16311 DPushes remaining with DInf 0.0000000e+00               261s
   11916 DPushes remaining with DInf 0.0000000e+00               265s
    3265 DPushes remaining with DInf 0.0000000e+00               272s
       0 DPushes remaining with DInf 3.0054637e-02               276s

  155425 PPushes remaining with PInf 8.6956378e-02               276s
   60856 PPushes remaining with PInf 2.6033445e-01               281s
   46712 PPushes remaining with PInf 1.3285263e-01               285s
   39055 PPushes remaining with PInf 1.3825606e-01               290s
   34936 PPushes remaining with PInf 8.5686932e-01               295s
   31150 PPushes remaining with PInf 1.3317463e-01               300s
   26167 PPushes remaining with PInf 5.6652151e-02               305s
   20294 PPushes remaining with PInf 4.0743522e-02               310s
   15395 PPushes remaining with PInf 1.3418709e-02               315s
   10099 PPushes remaining with PInf 4.8681326e+00               321s
       0 PPushes remaining with PInf 0.0000000e+00               326s

  Push phase complete: Pinf 0.0000000e+00, Dinf 3.2075589e+06    326s


Root simplex log...

Iteration    Objective       Primal Inf.    Dual Inf.      Time
  275516    5.5412740e+07   0.000000e+00   3.207559e+06    327s
  277468    5.5412736e+07   0.000000e+00   0.000000e+00    329s
  277468    5.5412736e+07   0.000000e+00   2.052442e+01    330s
  277471    5.5412736e+07   0.000000e+00   0.000000e+00    331s
Extra simplex iterations after uncrush: 3

Root relaxation: objective 5.541274e+07, 277471 iterations, 302.28 seconds (469.63 work units)
Total elapsed time = 405.67s
Total elapsed time = 468.90s

    Nodes    |    Current Node    |     Objective Bounds      |     Work
 Expl Unexpl |  Obj  Depth IntInf | Incumbent    BestBd   Gap | It/Node Time

     0     0 5.5413e+07    0 3534          - 5.5413e+07      -     -  519s
     0     0 6.7457e+07    0 1410          - 6.7457e+07      -     -  941s
     0     0 6.7491e+07    0 1685          - 6.7491e+07      -     -  989s
     0     0 6.7493e+07    0 1719          - 6.7493e+07      -     - 1029s
     0     0 6.7493e+07    0 1718          - 6.7493e+07      -     - 1035s
     0     0 6.7692e+07    0  975          - 6.7692e+07      -     - 1187s
     0     0 6.7709e+07    0  997          - 6.7709e+07      -     - 1360s
     0     0 6.7713e+07    0 1125          - 6.7713e+07      -     - 1376s
     0     0 6.7715e+07    0 1106          - 6.7715e+07      -     - 1397s
     0     0 6.7717e+07    0 1101          - 6.7717e+07      -     - 1650s
     0     0 6.7717e+07    0 1115          - 6.7717e+07      -     - 1660s
     0     0 6.7717e+07    0 1114          - 6.7717e+07      -     - 1809s
     0     0 6.7717e+07    0 1122          - 6.7717e+07      -     - 1828s
     0     0 6.7718e+07    0 1116          - 6.7718e+07      -     - 1964s
     0     0 6.7718e+07    0 1121          - 6.7718e+07      -     - 1979s
     0     0 6.7718e+07    0 1108          - 6.7718e+07      -     - 2141s
H    0     0                    4.645317e+10 6.7718e+07   100%     - 2176s
     0     0 6.7718e+07    0 1107 4.6453e+10 6.7718e+07   100%     - 2294s
H    0     0                    1.447003e+08 6.7718e+07  53.2%     - 2357s
     0     0 6.7718e+07    0 3518 1.4470e+08 6.7718e+07  53.2%     - 2794s
     0     0 6.7718e+07    0 1448 1.4470e+08 6.7718e+07  53.2%     - 3173s
     0     0 6.7718e+07    0 1158 1.4470e+08 6.7718e+07  53.2%     - 3467s
     0     0 6.7718e+07    0 1160 1.4470e+08 6.7718e+07  53.2%     - 3483s
     0     0 6.7718e+07    0 1157 1.4470e+08 6.7718e+07  53.2%     - 3511s
     0     0 6.7718e+07    0 1108 1.4470e+08 6.7718e+07  53.2%     - 3698s
     0     0 6.7718e+07    0 1116 1.4470e+08 6.7718e+07  53.2%     - 3899s
     0     0 6.7719e+07    0 1117 1.4470e+08 6.7719e+07  53.2%     - 4095s
     0     0 6.7719e+07    0 1117 1.4470e+08 6.7719e+07  53.2%     - 4170s
     0     0 6.7719e+07    0 1115 1.4470e+08 6.7719e+07  53.2%     - 4226s
H    0     0                    1.411424e+08 6.7719e+07  52.0%     - 4254s
     0     0 6.7719e+07    0 1115 1.4114e+08 6.7719e+07  52.0%     - 4257s
     0     0 6.7719e+07    0 1114 1.4114e+08 6.7719e+07  52.0%     - 4325s
     0     0 6.7719e+07    0 1114 1.4114e+08 6.7719e+07  52.0%     - 4392s
     0     2 6.7719e+07    0 1114 1.4114e+08 6.7719e+07  52.0%     - 4522s
     1     4 6.7719e+07    1 1145 1.4114e+08 6.7719e+07  52.0%  1857 4554s
     3     8 6.7783e+07    2 1038 1.4114e+08 6.7783e+07  52.0%  4588 4613s
     7    16 6.7905e+07    3 1097 1.4114e+08 6.7800e+07  52.0%  8077 4827s
    15    25 6.7927e+07    4 1053 1.4114e+08 6.7906e+07  51.9%  7706 7843s
    25    35 6.8237e+07    5 1176 1.4114e+08 6.8237e+07  51.7% 22849 12637s
    35    42 6.8457e+07    6 1659 1.4114e+08 6.8238e+07  51.7% 35689 16925s
H   37    42                    1.202263e+08 6.8457e+07  43.1% 36735 16925s
H   37    42                    8.793215e+07 6.8457e+07  22.1% 36735 16925s
H   38    42                    8.081812e+07 6.8457e+07  15.3% 35880 16925s
    45    31 6.8615e+07    7 1387 8.0818e+07 6.8461e+07  15.3% 39663 17528s
    55    49 6.8589e+07    8  249 8.0818e+07 6.8589e+07  15.1% 36417 17724s
    74    65 6.9248e+07    9  313 8.0818e+07 6.8591e+07  15.1% 29856 17809s
    92    75 6.8729e+07   11  464 8.0818e+07 6.8711e+07  15.0% 25257 17988s
   110    99 6.8736e+07   12  466 8.0818e+07 6.8736e+07  14.9% 22198 18079s
   134   116 7.5281e+07   13  382 8.0818e+07 6.8780e+07  14.9% 19026 18229s
   152   137 7.6994e+07   17  603 8.0818e+07 6.8813e+07  14.9% 17972 18512s
   175   162 6.8874e+07   24  443 8.0818e+07 6.8847e+07  14.8% 16913 18793s
   202   183 6.8877e+07   25  468 8.0818e+07 6.8877e+07  14.8% 15961 19170s
H  205   183                    7.942311e+07 6.8877e+07  13.3% 15818 19170s
H  206   183                    7.520134e+07 6.8877e+07  8.41% 15774 19170s
   223   186 6.8892e+07   26  511 7.5201e+07 6.8892e+07  8.39% 14776 19412s
   247   217 6.9013e+07   27  526 7.5201e+07 6.8941e+07  8.33% 14524 19510s
H  269   217                    7.228290e+07 6.8945e+07  4.62% 13510 19510s
   285   226 6.8991e+07   16  251 7.2283e+07 6.8946e+07  4.62% 12845 19679s
   334   263 6.8949e+07   18   78 7.2283e+07 6.8949e+07  4.61% 11207 19893s
   384   302 6.9015e+07   19   69 7.2283e+07 6.8961e+07  4.60% 10130 20022s
   438   349 6.9047e+07   15  504 7.2283e+07 6.8965e+07  4.59%  9262 20173s
H  500   430                    7.228290e+07 6.8982e+07  4.57%  8497 20294s
   531   430 6.9010e+07   21  614 7.2283e+07 6.8995e+07  4.55%  8049 20295s
   587   798     cutoff   22      7.2283e+07 6.9015e+07  4.52%  7378 23626s
H  604   798                    7.214361e+07 6.9015e+07  4.34%  7171 23626s
H  715   798                    7.213824e+07 6.9015e+07  4.33%  6061 23626s
H  882   798                    6.901466e+07 6.9015e+07  0.00%  4919 23626s

Cutting planes:
  Learned: 2504
  Gomory: 135
  Cover: 1869
  Implied bound: 10644
  Projected implied bound: 178
  Clique: 13455
  MIR: 2806
  StrongCG: 699
  Flow cover: 7084
  Zero half: 1473
  RLT: 809
  Relax-and-lift: 1582

Explored 957 nodes (5844380 simplex iterations) in 23626.82 seconds (56152.24 work units)
Thread count was 10 (of 128 available processors)

Solution count 10: 6.90147e+07 7.21382e+07 7.21436e+07 ... 1.20226e+08

Optimal solution found (tolerance 5.00e-03)
Best objective 6.901465777776e+07, best bound 6.901465777736e+07, gap 0.0000%
