Path to output is:	 /work2/07346/ashukla/ls6/ThreeStageModel/output/modified_td_prep_flexible_18_voll_250/
Creating model instance.
The number of mini-brent models is	 54
Number of scenarios per model is	 4
Set parameter TokenServer to value "license02.tacc.utexas.edu"
Set parameter MIPFocus to value 3
Set parameter LogFile to value "/work2/07346/ashukla/ls6/ThreeStageModel/output/modified_td_prep_flexible_18_voll_250/log"
Set parameter MIPGap to value 0.005
Set parameter TimeLimit to value 165600
Set parameter Method to value 2
Set parameter NodefileStart to value 0.5
Set parameter Threads to value 10
Gurobi Optimizer version 10.0.2 build v10.0.2rc0 (linux64)

CPU model: AMD EPYC 7763 64-Core Processor, instruction set [SSE2|AVX|AVX2]
Thread count: 128 physical cores, 128 logical processors, using up to 10 threads

Optimize a model with 3551352 rows, 1101573 columns and 9914179 nonzeros
Model fingerprint: 0xb69d224b
Variable types: 755788 continuous, 345785 integer (306326 binary)
Coefficient statistics:
  Matrix range     [1e-03, 1e+05]
  Objective range  [1e+00, 1e+00]
  Bounds range     [1e+00, 2e+01]
  RHS range        [1e-02, 1e+05]
Presolve removed 2802232 rows and 436288 columns (presolve time = 5s) ...
Presolve removed 3045334 rows and 681118 columns (presolve time = 10s) ...
Presolve removed 3103171 rows and 697766 columns (presolve time = 15s) ...
Presolve removed 3103183 rows and 697778 columns
Presolve time: 19.29s
Presolved: 448169 rows, 403795 columns, 1616354 nonzeros
Variable types: 297157 continuous, 106638 integer (67179 binary)
Root relaxation presolve removed 83120 rows and 61105 columns
Root relaxation presolved: 365049 rows, 342690 columns, 1427871 nonzeros

Root barrier log...

Ordering time: 3.46s
Elapsed ordering time = 5s
Ordering time: 6.94s

Barrier statistics:
 AA' NZ     : 6.293e+06
 Factor NZ  : 3.556e+07 (roughly 600 MB of memory)
 Factor Ops : 2.880e+10 (less than 1 second per iteration)
 Threads    : 9

                  Objective                Residual
Iter       Primal          Dual         Primal    Dual     Compl     Time
   0  -7.99150246e+11 -2.71139253e+12  1.69e+04 1.48e+05  7.03e+07    34s
   1  -6.49459167e+11 -2.49454185e+12  1.37e+04 3.56e+05  5.57e+07    34s
   2  -1.46133566e+11 -2.13339009e+12  2.61e+03 1.31e+05  1.43e+07    34s
   3  -2.90044139e+10 -1.33365296e+12  6.20e+02 3.81e+04  3.72e+06    35s
   4  -1.77768289e+10 -8.62768316e+11  4.33e+02 7.51e+03  2.15e+06    35s
   5   1.42418003e+09 -2.76172538e+11  1.73e+01 1.91e-08  3.45e+05    36s
   6   1.83528125e+09 -4.79841212e+10  4.01e+00 4.10e-09  5.77e+04    36s
   7   1.24891203e+09 -2.06908866e+10  6.45e-01 3.66e-09  2.47e+04    36s
   8   7.18267450e+08 -5.62677311e+09  1.54e-01 6.98e-10  7.13e+03    36s
   9   5.38343712e+08 -1.92681457e+09  9.63e-02 8.15e-10  2.77e+03    37s
  10   3.90066031e+08 -9.23249192e+08  6.24e-02 4.66e-10  1.48e+03    37s
  11   1.34312847e+08 -2.21871084e+08  1.07e-02 3.49e-10  4.01e+02    37s
  12   6.55270793e+07 -3.88259031e+07  5.26e-03 3.49e-10  1.18e+02    38s
  13   4.96095424e+07 -1.49601085e+07  4.29e-03 2.33e-10  7.30e+01    38s
  14   4.26873786e+07 -6.67217342e+06  3.52e-03 2.33e-10  5.59e+01    38s
  15   3.27672261e+07 -1.09726534e+06  2.66e-03 3.49e-10  3.84e+01    39s
  16   2.28347752e+07  1.31831183e+06  2.02e-03 2.33e-10  2.44e+01    39s
  17   2.10748193e+07  3.12069080e+06  1.77e-03 2.33e-10  2.04e+01    40s
  18   1.83868562e+07  4.54164876e+06  1.40e-03 3.49e-10  1.57e+01    40s
  19   1.49608520e+07  5.47111500e+06  1.01e-03 2.33e-10  1.08e+01    40s
  20   1.33477732e+07  6.44800327e+06  7.88e-04 2.33e-10  7.84e+00    41s
  21   1.16138263e+07  6.76579181e+06  5.41e-04 2.33e-10  5.50e+00    41s
  22   1.00194487e+07  7.33560121e+06  3.16e-04 2.33e-10  3.05e+00    42s
  23   8.97265879e+06  7.58289884e+06  1.73e-04 2.33e-10  1.58e+00    42s
  24   8.56616626e+06  7.71830652e+06  1.07e-04 2.33e-10  9.64e-01    42s
  25   8.33357325e+06  7.75860219e+06  7.22e-05 2.33e-10  6.53e-01    43s
  26   8.20439014e+06  7.77902789e+06  5.24e-05 2.33e-10  4.83e-01    43s
  27   8.14433838e+06  7.79358306e+06  4.33e-05 2.33e-10  3.99e-01    43s
  28   8.06525744e+06  7.81365230e+06  3.11e-05 2.33e-10  2.86e-01    44s
  29   7.96476264e+06  7.82886420e+06  1.63e-05 2.33e-10  1.54e-01    44s
  30   7.89425528e+06  7.83590222e+06  6.41e-06 2.33e-10  6.62e-02    44s
  31   7.87547882e+06  7.84266170e+06  3.63e-06 2.33e-10  3.73e-02    45s
  32   7.86578318e+06  7.84569551e+06  2.27e-06 2.33e-10  2.28e-02    45s
  33   7.85927234e+06  7.84668291e+06  1.34e-06 2.33e-10  1.43e-02    45s
  34   7.85588431e+06  7.84718401e+06  8.62e-07 2.33e-10  9.87e-03    46s
  35   7.85301172e+06  7.84796621e+06  4.87e-07 2.33e-10  5.72e-03    46s
  36   7.85168765e+06  7.84814678e+06  3.16e-07 2.33e-10  4.01e-03    46s
  37   7.85083559e+06  7.84854389e+06  2.05e-07 2.33e-10  2.60e-03    47s
  38   7.85008120e+06  7.84882437e+06  1.13e-07 2.33e-10  1.42e-03    47s
  39   7.84951816e+06  7.84903981e+06  4.44e-08 3.49e-10  5.43e-04    47s
  40   7.84926831e+06  7.84906387e+06  1.70e-08 3.49e-10  2.32e-04    48s
  41   7.84921466e+06  7.84908874e+06  1.14e-08 3.49e-10  1.43e-04    48s
  42   7.84915680e+06  7.84909450e+06  5.22e-09 2.33e-10  7.06e-05    49s
  43   7.84914064e+06  7.84909942e+06  4.17e-09 2.33e-10  4.68e-05    49s

Barrier solved model in 43 iterations and 49.00 seconds (46.18 work units)
Optimal objective 7.84914064e+06


Root crossover log...

   99592 DPushes remaining with DInf 0.0000000e+00                50s
     483 DPushes remaining with DInf 0.0000000e+00                55s
       0 DPushes remaining with DInf 0.0000000e+00                56s

Restart crossover...

   99604 DPushes remaining with DInf 0.0000000e+00                57s
   23656 DPushes remaining with DInf 0.0000000e+00                61s
       0 DPushes remaining with DInf 0.0000000e+00                64s

   38460 PPushes remaining with PInf 2.4023962e+05                64s
   25323 PPushes remaining with PInf 2.1244844e+05                66s
   16808 PPushes remaining with PInf 1.7773004e+05                70s
   12291 PPushes remaining with PInf 1.6980218e+05                75s
    2666 PPushes remaining with PInf 1.4237186e+05                83s
       0 PPushes remaining with PInf 8.8577465e+04                87s

  Push phase complete: Pinf 8.8577465e+04, Dinf 3.1523872e+04     87s


Root simplex log...

Iteration    Objective       Primal Inf.    Dual Inf.      Time
   69428    7.8491072e+06   0.000000e+00   3.152387e+04     88s
   70403    7.8491045e+06   4.203927e+05   0.000000e+00     91s
   74529    7.8491045e+06   2.258434e+02   0.000000e+00     95s
   75360    7.8491045e+06   0.000000e+00   0.000000e+00    100s
   75361    7.8491045e+06   0.000000e+00   0.000000e+00    104s
Extra simplex iterations after uncrush: 1

Root relaxation: objective 7.849104e+06, 75361 iterations, 81.83 seconds (186.53 work units)
Total elapsed time = 174.62s
Total elapsed time = 218.44s
Total elapsed time = 224.27s
Total elapsed time = 229.92s
Total elapsed time = 232.53s
Total elapsed time = 236.36s
Total elapsed time = 245.68s

    Nodes    |    Current Node    |     Objective Bounds      |     Work
 Expl Unexpl |  Obj  Depth IntInf | Incumbent    BestBd   Gap | It/Node Time

     0     0 7849104.45    0 3545          - 7849104.45      -     -  255s
H    0     0                    4.921105e+07 7849104.45  84.1%     -  277s
     0     0 2.5938e+07    0 3515 4.9211e+07 2.5938e+07  47.3%     -  515s
H    0     0                    3.728352e+07 2.5938e+07  30.4%     -  684s
     0     0 2.6256e+07    0 3448 3.7284e+07 2.6256e+07  29.6%     -  744s
     0     0 2.6308e+07    0 3648 3.7284e+07 2.6308e+07  29.4%     -  780s
     0     0 2.6311e+07    0 3674 3.7284e+07 2.6311e+07  29.4%     -  794s
     0     0 2.6312e+07    0 3672 3.7284e+07 2.6312e+07  29.4%     -  804s
     0     0 2.7521e+07    0 2019 3.7284e+07 2.7521e+07  26.2%     - 1156s
     0     0 2.7699e+07    0 2061 3.7284e+07 2.7699e+07  25.7%     - 1326s
     0     0 2.7706e+07    0 2069 3.7284e+07 2.7706e+07  25.7%     - 1346s
     0     0 2.7706e+07    0 2073 3.7284e+07 2.7706e+07  25.7%     - 1514s
     0     0 2.7707e+07    0 2035 3.7284e+07 2.7707e+07  25.7%     - 1520s
     0     0 2.7933e+07    0 2051 3.7284e+07 2.7933e+07  25.1%     - 1899s
H    0     0                    3.470572e+07 2.7933e+07  19.5%     - 1957s
     0     0 2.7938e+07    0 2124 3.4706e+07 2.7938e+07  19.5%     - 1998s
     0     0 2.7941e+07    0 2030 3.4706e+07 2.7941e+07  19.5%     - 2055s
     0     0 2.7962e+07    0 2055 3.4706e+07 2.7962e+07  19.4%     - 2471s
     0     0 2.7964e+07    0 1986 3.4706e+07 2.7964e+07  19.4%     - 2550s
     0     0 2.7972e+07    0 2004 3.4706e+07 2.7972e+07  19.4%     - 2904s
H    0     0                    3.468150e+07 2.7972e+07  19.3%     - 2971s
     0     0 2.7972e+07    0 1964 3.4681e+07 2.7972e+07  19.3%     - 2985s
     0     0 2.7975e+07    0 2217 3.4681e+07 2.7975e+07  19.3%     - 3296s
     0     0 2.7975e+07    0 2217 3.4681e+07 2.7975e+07  19.3%     - 3512s
H    0     0                    3.344153e+07 2.7975e+07  16.3%     - 3697s
     0     0 2.7975e+07    0 3572 3.3442e+07 2.7975e+07  16.3%     - 3977s
     0     0 2.7975e+07    0 2777 3.3442e+07 2.7975e+07  16.3%     - 4247s
     0     0 2.7975e+07    0 2465 3.3442e+07 2.7975e+07  16.3%     - 5140s
     0     0 2.7975e+07    0 2089 3.3442e+07 2.7975e+07  16.3%     - 5211s
     0     0 2.7975e+07    0 1969 3.3442e+07 2.7975e+07  16.3%     - 5250s
     0     0 2.7975e+07    0 1812 3.3442e+07 2.7975e+07  16.3%     - 5642s
     0     0 2.7975e+07    0 1732 3.3442e+07 2.7975e+07  16.3%     - 5730s
     0     0 2.7975e+07    0 1815 3.3442e+07 2.7975e+07  16.3%     - 6145s
     0     0 2.7975e+07    0 1779 3.3442e+07 2.7975e+07  16.3%     - 6171s
     0     0 2.7975e+07    0 1714 3.3442e+07 2.7975e+07  16.3%     - 6399s
     0     0 2.7975e+07    0 1769 3.3442e+07 2.7975e+07  16.3%     - 6434s
     0     0 2.7975e+07    0 1768 3.3442e+07 2.7975e+07  16.3%     - 6490s
     0     0 2.7975e+07    0 1768 3.3442e+07 2.7975e+07  16.3%     - 6548s
     0     2 2.7975e+07    0 1768 3.3442e+07 2.7975e+07  16.3%     - 6949s
     1     5 2.7985e+07    1 1669 3.3442e+07 2.7977e+07  16.3% 11711 6979s
     3     8 2.7989e+07    2 1644 3.3442e+07 2.7989e+07  16.3%  5264 7060s
     7    16 2.7990e+07    3 1733 3.3442e+07 2.7990e+07  16.3%  5145 7323s
    15    26 2.7991e+07    4 1812 3.3442e+07 2.7990e+07  16.3%  8062 7497s
    25    36 2.8001e+07    5 1910 3.3442e+07 2.7991e+07  16.3%  7291 8217s
    35    46 2.8003e+07    6 1744 3.3442e+07 2.8003e+07  16.3% 12652 8555s
    45    56 2.8003e+07    7 1647 3.3442e+07 2.8003e+07  16.3% 11668 8788s
    55    68 2.8003e+07    8 1657 3.3442e+07 2.8003e+07  16.3% 11004 9005s
    67    81 2.8004e+07    9 1644 3.3442e+07 2.8004e+07  16.3% 10566 9300s
    80    91 2.8040e+07   10 1863 3.3442e+07 2.8006e+07  16.3% 10028 9694s
    90   105 2.8023e+07   12 1614 3.3442e+07 2.8009e+07  16.2%  9799 9808s
   104   115 2.8031e+07   13 1520 3.3442e+07 2.8027e+07  16.2%  9226 9966s
   114   129 2.8032e+07   14 1496 3.3442e+07 2.8032e+07  16.2%  9149 10395s
   128   140 2.8126e+07   16 1503 3.3442e+07 2.8035e+07  16.2%  9266 10580s
   139   156 2.8053e+07   18 1545 3.3442e+07 2.8046e+07  16.1%  9578 10693s
   155   173 2.8055e+07   11 1658 3.3442e+07 2.8049e+07  16.1%  9185 10939s
   172   185 2.8053e+07   11 1580 3.3442e+07 2.8053e+07  16.1%  9383 11245s
   184   210 2.8054e+07   12 1471 3.3442e+07 2.8053e+07  16.1%  9679 11548s
   209   227 2.8099e+07   13 1588 3.3442e+07 2.8056e+07  16.1%  9442 11726s
   226   247 2.8093e+07   15 1416 3.3442e+07 2.8058e+07  16.1%  9371 11857s
