Path to output is:	 /work2/07346/ashukla/ls6/ThreeStageModel/output/modified_td_prep_flexible_12_voll_250/
Creating model instance.
The number of mini-brent models is	 54
Number of scenarios per model is	 4
Set parameter TokenServer to value "license02.tacc.utexas.edu"
Set parameter MIPFocus to value 3
Set parameter LogFile to value "/work2/07346/ashukla/ls6/ThreeStageModel/output/modified_td_prep_flexible_12_voll_250/log"
Set parameter MIPGap to value 0.005
Set parameter TimeLimit to value 165600
Set parameter Method to value 2
Set parameter NodefileStart to value 0.5
Set parameter Threads to value 10
Gurobi Optimizer version 10.0.2 build v10.0.2rc0 (linux64)

CPU model: AMD EPYC 7763 64-Core Processor, instruction set [SSE2|AVX|AVX2]
Thread count: 128 physical cores, 128 logical processors, using up to 10 threads

Optimize a model with 3551352 rows, 1101573 columns and 9914179 nonzeros
Model fingerprint: 0x79caba17
Variable types: 755788 continuous, 345785 integer (306326 binary)
Coefficient statistics:
  Matrix range     [1e-03, 1e+05]
  Objective range  [1e+00, 1e+00]
  Bounds range     [1e+00, 2e+01]
  RHS range        [1e-02, 1e+05]
Presolve removed 2802232 rows and 436288 columns (presolve time = 5s) ...
Presolve removed 3045334 rows and 681118 columns (presolve time = 10s) ...
Presolve removed 3075176 rows and 697870 columns (presolve time = 15s) ...
Presolve removed 3103183 rows and 698197 columns (presolve time = 20s) ...
Presolve removed 3103183 rows and 698197 columns
Presolve time: 21.56s
Presolved: 448169 rows, 403376 columns, 1618106 nonzeros
Variable types: 297157 continuous, 106219 integer (66760 binary)
Root relaxation presolve removed 83143 rows and 61096 columns
Root relaxation presolved: 365026 rows, 342280 columns, 1429577 nonzeros

Root barrier log...

Ordering time: 3.55s
Elapsed ordering time = 5s
Ordering time: 7.31s

Barrier statistics:
 AA' NZ     : 8.087e+06
 Factor NZ  : 7.959e+07 (roughly 1.0 GB of memory)
 Factor Ops : 2.611e+11 (roughly 1 second per iteration)
 Threads    : 9

                  Objective                Residual
Iter       Primal          Dual         Primal    Dual     Compl     Time
   0  -1.04752154e+12 -2.67312490e+12  2.21e+04 1.48e+05  9.09e+07    37s
   1  -8.63565828e+11 -2.59716108e+12  1.82e+04 6.30e+05  7.42e+07    38s
   2  -4.87673540e+11 -2.42740116e+12  9.56e+03 3.41e+05  4.31e+07    39s
   3  -1.48019794e+11 -2.33253629e+12  2.97e+03 2.81e+05  1.51e+07    40s
   4  -1.74501128e+09 -1.17762570e+12  8.65e+01 1.18e-08  1.65e+06    41s
   5   2.20562004e+09 -1.94279259e+11  2.23e-01 2.86e-08  2.32e+05    42s
   6   2.00660190e+09 -3.07265032e+10  2.59e-03 1.32e-08  3.67e+04    43s
   7   8.88742046e+08 -5.75354061e+09  1.82e-05 5.32e-09  7.43e+03    45s
   8   3.67913904e+08 -1.25874040e+09  4.79e-06 8.29e-10  1.82e+03    46s
   9   2.38151025e+08 -4.59962514e+08  2.83e-06 4.66e-10  7.81e+02    48s
  10   9.78433319e+07 -2.29747853e+08  8.47e-07 3.49e-10  3.67e+02    49s
  11   7.10132139e+07 -1.55429099e+08  5.18e-07 2.33e-10  2.53e+02    50s
  12   6.07326469e+07 -1.00117895e+08  4.03e-07 2.33e-10  1.80e+02    52s
  13   5.02245244e+07 -6.41595282e+07  2.97e-07 6.98e-10  1.28e+02    53s
  14   3.88345424e+07 -4.14235579e+07  1.93e-07 2.33e-10  8.98e+01    54s
  15   3.22657338e+07 -1.52949663e+07  1.37e-07 2.33e-10  5.32e+01    56s
  16   2.57586982e+07 -5.09295293e+06  8.46e-08 3.49e-10  3.45e+01    57s
  17   1.86840468e+07  4.19940438e+06  2.97e-08 4.66e-10  1.62e+01    59s
  18   1.59212473e+07  8.48326985e+06  1.03e-08 4.66e-10  8.32e+00    61s
  19   1.50157607e+07  1.13879579e+07  4.26e-09 5.82e-10  4.06e+00    62s
  20   1.45935312e+07  1.26371381e+07  1.77e-09 2.33e-10  2.19e+00    63s
  21   1.44538108e+07  1.32506602e+07  9.59e-10 2.33e-10  1.35e+00    65s
  22   1.43891965e+07  1.36009509e+07  6.18e-10 5.82e-10  8.82e-01    66s
  23   1.43442186e+07  1.38372883e+07  3.86e-10 3.49e-10  5.67e-01    67s
  24   1.43223638e+07  1.39398356e+07  2.76e-10 3.49e-10  4.28e-01    68s
  25   1.42974906e+07  1.41256011e+07  1.60e-10 3.49e-10  1.92e-01    70s
  26   1.42782783e+07  1.41942686e+07  7.27e-11 4.66e-10  9.40e-02    71s
  27   1.42697541e+07  1.42209678e+07  6.01e-11 2.33e-10  5.46e-02    73s
  28   1.42666739e+07  1.42420177e+07  3.46e-11 2.33e-10  2.76e-02    74s
  29   1.42642954e+07  1.42508065e+07  2.57e-11 3.49e-10  1.51e-02    76s
  30   1.42633643e+07  1.42556317e+07  2.56e-11 4.66e-10  8.65e-03    77s
  31   1.42621398e+07  1.42574352e+07  2.33e-11 3.49e-10  5.26e-03    78s
  32   1.42617336e+07  1.42585639e+07  2.58e-11 3.49e-10  3.55e-03    80s
  33   1.42614208e+07  1.42599140e+07  2.00e-11 4.66e-10  1.69e-03    81s
  34   1.42610266e+07  1.42603374e+07  9.03e-11 3.49e-10  7.71e-04    82s
  35   1.42608377e+07  1.42606256e+07  1.15e-10 4.66e-10  2.37e-04    84s
  36   1.42607687e+07  1.42607268e+07  2.09e-10 4.66e-10  4.70e-05    86s
  37   1.42607609e+07  1.42607380e+07  4.87e-09 4.66e-10  2.56e-05    87s

Barrier solved model in 37 iterations and 87.32 seconds (94.78 work units)
Optimal objective 1.42607609e+07


Root crossover log...

   98654 DPushes remaining with DInf 0.0000000e+00                88s
    7189 DPushes remaining with DInf 0.0000000e+00                92s
       0 DPushes remaining with DInf 0.0000000e+00                93s

Restart crossover...

   98662 DPushes remaining with DInf 0.0000000e+00                95s
    7177 DPushes remaining with DInf 0.0000000e+00                98s
     846 DPushes remaining with DInf 0.0000000e+00               100s
       0 DPushes remaining with DInf 0.0000000e+00               102s

   36098 PPushes remaining with PInf 1.2538075e+04               102s
   18811 PPushes remaining with PInf 1.0544827e+04               105s
   13232 PPushes remaining with PInf 1.0224103e+04               110s
    3141 PPushes remaining with PInf 9.2834839e+03               119s
       0 PPushes remaining with PInf 8.8279285e+03               123s

  Push phase complete: Pinf 8.8279285e+03, Dinf 6.6522290e+04    123s


Root simplex log...

Iteration    Objective       Primal Inf.    Dual Inf.      Time
   47211    1.4260758e+07   0.000000e+00   6.652229e+04    124s
   47786    1.4260748e+07   1.902849e+06   0.000000e+00    126s
   50814    1.4260749e+07   0.000000e+00   0.000000e+00    133s
   50814    1.4260749e+07   0.000000e+00   1.792568e-01    137s
   50815    1.4260749e+07   0.000000e+00   0.000000e+00    138s
Extra simplex iterations after uncrush: 1

Root relaxation: objective 1.426075e+07, 50815 iterations, 113.73 seconds (222.71 work units)
Total elapsed time = 206.44s
Total elapsed time = 251.14s
Total elapsed time = 257.00s
Total elapsed time = 261.43s
Total elapsed time = 268.17s
Total elapsed time = 276.57s

    Nodes    |    Current Node    |     Objective Bounds      |     Work
 Expl Unexpl |  Obj  Depth IntInf | Incumbent    BestBd   Gap | It/Node Time

     0     0 1.4261e+07    0 3433          - 1.4261e+07      -     -  280s
H    0     0                    6.536989e+07 1.4261e+07  78.2%     -  302s
     0     0 3.1561e+07    0 3459 6.5370e+07 3.1561e+07  51.7%     -  825s
H    0     0                    6.488989e+07 3.1561e+07  51.4%     -  848s
H    0     0                    5.775632e+07 3.1561e+07  45.4%     - 1041s
     0     0 3.3105e+07    0 4122 5.7756e+07 3.3105e+07  42.7%     - 1236s
     0     0 3.3220e+07    0 4577 5.7756e+07 3.3220e+07  42.5%     - 1327s
     0     0 3.3225e+07    0 4452 5.7756e+07 3.3225e+07  42.5%     - 1340s
     0     0 3.3225e+07    0 4455 5.7756e+07 3.3225e+07  42.5%     - 1345s
     0     0 3.5277e+07    0 3231 5.7756e+07 3.5277e+07  38.9%     - 1847s
H    0     0                    5.725132e+07 3.5277e+07  38.4%     - 1862s
     0     0 3.5763e+07    0 3155 5.7251e+07 3.5763e+07  37.5%     - 2190s
     0     0 3.5763e+07    0 3092 5.7251e+07 3.5763e+07  37.5%     - 2238s
     0     0 3.5798e+07    0 3196 5.7251e+07 3.5798e+07  37.5%     - 2367s
     0     0 3.5807e+07    0 3214 5.7251e+07 3.5807e+07  37.5%     - 2410s
     0     0 3.5807e+07    0 3132 5.7251e+07 3.5807e+07  37.5%     - 2418s
     0     0 3.6168e+07    0 2490 5.7251e+07 3.6168e+07  36.8%     - 3197s
H    0     0                    5.293084e+07 3.6168e+07  31.7%     - 3251s
     0     0 3.6197e+07    0 2824 5.2931e+07 3.6197e+07  31.6%     - 3590s
     0     0 3.6202e+07    0 2629 5.2931e+07 3.6202e+07  31.6%     - 3642s
     0     0 3.6202e+07    0 2566 5.2931e+07 3.6202e+07  31.6%     - 3654s
     0     0 3.6344e+07    0 2129 5.2931e+07 3.6344e+07  31.3%     - 4349s
H    0     0                    5.256584e+07 3.6344e+07  30.9%     - 4652s
H    0     0                    5.005221e+07 3.6344e+07  27.4%     - 4803s
     0     0 3.6356e+07    0 2336 5.0052e+07 3.6356e+07  27.4%     - 4921s
     0     0 3.6357e+07    0 2623 5.0052e+07 3.6357e+07  27.4%     - 4936s
     0     0 3.6399e+07    0 2440 5.0052e+07 3.6399e+07  27.3%     - 5508s
H    0     0                    4.981221e+07 3.6399e+07  26.9%     - 5516s
H    0     0                    4.882471e+07 3.6399e+07  25.4%     - 5580s
H    0     0                    4.440046e+07 3.6399e+07  18.0%     - 5703s
     0     0 3.6401e+07    0 1980 4.4400e+07 3.6401e+07  18.0%     - 5788s
     0     0 3.6418e+07    0 2471 4.4400e+07 3.6418e+07  18.0%     - 6404s
H    0     0                    4.437546e+07 3.6418e+07  17.9%     - 6580s
     0     0 3.6419e+07    0 2754 4.4375e+07 3.6419e+07  17.9%     - 6781s
     0     0 3.6430e+07    0 2661 4.4375e+07 3.6430e+07  17.9%     - 7398s
     0     0 3.6430e+07    0 2642 4.4375e+07 3.6430e+07  17.9%     - 8032s
     0     0 3.6432e+07    0 2548 4.4375e+07 3.6432e+07  17.9%     - 8828s
     0     0 3.6432e+07    0 2548 4.4375e+07 3.6432e+07  17.9%     - 9372s
     0     0 3.6432e+07    0 2548 4.4375e+07 3.6432e+07  17.9%     - 9373s
     0     0 3.6432e+07    0 3442 4.4375e+07 3.6432e+07  17.9%     - 10613s
     0     0 3.6432e+07    0 3595 4.4375e+07 3.6432e+07  17.9%     - 11150s
     0     0 3.6432e+07    0 2829 4.4375e+07 3.6432e+07  17.9%     - 11883s
     0     0 3.6432e+07    0 2779 4.4375e+07 3.6432e+07  17.9%     - 12299s
     0     0 3.6432e+07    0 2663 4.4375e+07 3.6432e+07  17.9%     - 12392s
     0     0 3.6432e+07    0 2764 4.4375e+07 3.6432e+07  17.9%     - 12611s
