Path to output is:	 /work2/07346/ashukla/ls6/ThreeStageModel/output/modified_td_prep_flexible_24_voll_250/
Creating model instance.
The number of mini-brent models is	 54
Number of scenarios per model is	 4
Set parameter TokenServer to value "license02.tacc.utexas.edu"
Set parameter MIPFocus to value 3
Set parameter LogFile to value "/work2/07346/ashukla/ls6/ThreeStageModel/output/modified_td_prep_flexible_24_voll_250/log"
Set parameter MIPGap to value 0.005
Set parameter TimeLimit to value 165600
Set parameter Method to value 2
Set parameter NodefileStart to value 0.5
Set parameter Threads to value 10
Gurobi Optimizer version 10.0.2 build v10.0.2rc0 (linux64)

CPU model: AMD EPYC 7763 64-Core Processor, instruction set [SSE2|AVX|AVX2]
Thread count: 128 physical cores, 128 logical processors, using up to 10 threads

Optimize a model with 3551352 rows, 1101573 columns and 9914179 nonzeros
Model fingerprint: 0x05adf63f
Variable types: 755788 continuous, 345785 integer (306326 binary)
Coefficient statistics:
  Matrix range     [1e-03, 1e+05]
  Objective range  [1e+00, 1e+00]
  Bounds range     [1e+00, 2e+01]
  RHS range        [1e-02, 1e+05]
Presolve removed 2802232 rows and 436288 columns (presolve time = 5s) ...
Presolve removed 3045334 rows and 681118 columns (presolve time = 10s) ...
Presolve removed 3103171 rows and 697711 columns (presolve time = 15s) ...
Presolve removed 3103183 rows and 697723 columns
Presolve time: 18.19s
Presolved: 448169 rows, 403850 columns, 1615537 nonzeros
Variable types: 297157 continuous, 106693 integer (67234 binary)
Root relaxation presolve removed 83094 rows and 61105 columns
Root relaxation presolved: 365075 rows, 342745 columns, 1427106 nonzeros

Root barrier log...

Ordering time: 3.07s

Barrier statistics:
 AA' NZ     : 5.973e+06
 Factor NZ  : 2.783e+07 (roughly 500 MB of memory)
 Factor Ops : 9.056e+09 (less than 1 second per iteration)
 Threads    : 9

                  Objective                Residual
Iter       Primal          Dual         Primal    Dual     Compl     Time
   0  -7.76735387e+11 -2.73598262e+12  1.64e+04 1.48e+05  6.85e+07    28s
   1  -3.75260037e+11 -2.48810520e+12  7.91e+03 2.52e+05  3.34e+07    28s
   2  -4.64747863e+09 -1.74948259e+12  6.04e+01 7.40e+03  2.53e+06    29s
   3   1.63010425e+09 -6.44481241e+11  6.07e-01 6.93e+03  7.85e+05    29s
   4   2.27810361e+09 -1.46559990e+11  8.62e-02 1.31e+03  1.71e+05    29s
   5   1.62230304e+09 -3.21398205e+10  1.07e-02 1.45e+02  3.81e+04    29s
   6   1.11540397e+09 -1.56795615e+10  5.04e-03 1.46e-08  1.89e+04    29s
   7   6.35450577e+08 -4.51057167e+09  2.31e-03 3.38e-09  5.79e+03    30s
   8   2.01894936e+08 -6.48715215e+08  1.46e-02 8.29e-10  9.56e+02    30s
   9   7.87540552e+07 -2.66969104e+08  3.73e-03 4.80e-10  3.88e+02    30s
  10   5.35562349e+07 -1.36142143e+08  1.84e-03 3.49e-10  2.13e+02    30s
  11   4.15597502e+07 -8.55947568e+07  1.26e-03 2.47e-10  1.43e+02    31s
  12   3.11630138e+07 -6.37956477e+07  9.73e-04 2.33e-10  1.06e+02    31s
  13   2.17788215e+07 -3.30355173e+07  5.77e-04 3.49e-10  6.14e+01    31s
  14   1.60940878e+07 -2.44407533e+07  3.38e-04 2.33e-10  4.54e+01    31s
  15   1.53013967e+07 -2.02984666e+07  3.06e-04 2.33e-10  3.99e+01    32s
  16   1.29594982e+07 -1.56729974e+07  2.15e-04 2.33e-10  3.21e+01    32s
  17   9.28535459e+06 -8.83542144e+06  7.69e-05 2.33e-10  2.03e+01    32s
  18   7.88241865e+06 -2.57398250e+06  5.08e-05 2.33e-10  1.17e+01    32s
  19   6.24893686e+06  1.69479485e+06  9.47e-06 3.49e-10  5.10e+00    33s
  20   5.91594539e+06  3.34632256e+06  2.05e-06 2.33e-10  2.88e+00    33s
  21   5.57195467e+06  3.82170067e+06  4.19e-07 3.49e-10  1.96e+00    33s
  22   5.44822939e+06  4.61947720e+06  3.07e-07 3.49e-10  9.29e-01    33s
  23   5.28851728e+06  4.85385692e+06  1.61e-07 3.49e-10  4.87e-01    33s
  24   5.20978531e+06  4.99530893e+06  9.14e-08 2.33e-10  2.40e-01    34s
  25   5.17091286e+06  5.02315811e+06  5.73e-08 2.33e-10  1.66e-01    34s
  26   5.15124034e+06  5.07063149e+06  4.04e-08 3.49e-10  9.03e-02    34s
  27   5.12348287e+06  5.08688139e+06  1.67e-08 3.49e-10  4.10e-02    34s
  28   5.11863495e+06  5.09324101e+06  1.26e-08 2.33e-10  2.85e-02    35s
  29   5.11513965e+06  5.09583957e+06  9.68e-09 2.33e-10  2.16e-02    35s
  30   5.11215594e+06  5.09828710e+06  7.19e-09 2.33e-10  1.55e-02    35s
  31   5.10820081e+06  5.10089950e+06  3.90e-09 2.33e-10  8.18e-03    35s
  32   5.10602149e+06  5.10238231e+06  2.09e-09 3.49e-10  4.08e-03    36s
  33   5.10529085e+06  5.10281329e+06  1.53e-09 2.33e-10  2.78e-03    36s
  34   5.10497181e+06  5.10292695e+06  1.28e-09 2.33e-10  2.29e-03    36s
  35   5.10449804e+06  5.10306891e+06  9.07e-10 2.33e-10  1.60e-03    36s
  36   5.10397882e+06  5.10318821e+06  4.91e-10 3.49e-10  8.86e-04    37s
  37   5.10371950e+06  5.10327030e+06  2.91e-10 2.33e-10  5.04e-04    37s
  38   5.10348458e+06  5.10330576e+06  3.34e-10 2.33e-10  2.00e-04    37s
  39   5.10341494e+06  5.10333115e+06  3.65e-10 2.33e-10  9.39e-05    38s
  40   5.10339003e+06  5.10334008e+06  2.51e-10 3.49e-10  5.60e-05    38s
  41   5.10337393e+06  5.10334408e+06  1.06e-09 2.33e-10  3.35e-05    38s

Barrier solved model in 41 iterations and 38.03 seconds (35.95 work units)
Optimal objective 5.10337393e+06


Root crossover log...

  101195 DPushes remaining with DInf 0.0000000e+00                39s
   18527 DPushes remaining with DInf 0.0000000e+00                43s
     226 DPushes remaining with DInf 0.0000000e+00                45s
       0 DPushes remaining with DInf 0.0000000e+00                46s

Restart crossover...

  101205 DPushes remaining with DInf 0.0000000e+00                47s
   18399 DPushes remaining with DInf 0.0000000e+00                51s
       0 DPushes remaining with DInf 0.0000000e+00                55s

   37960 PPushes remaining with PInf 8.4461386e+03                55s
   17464 PPushes remaining with PInf 6.6577207e+03                61s
   12472 PPushes remaining with PInf 5.9796755e+03                66s
    2112 PPushes remaining with PInf 4.2636826e+03                75s
       0 PPushes remaining with PInf 4.1502056e+03                78s

  Push phase complete: Pinf 4.1502056e+03, Dinf 4.7165007e+03     78s


Root simplex log...

Iteration    Objective       Primal Inf.    Dual Inf.      Time
   70055    5.1033519e+06   0.000000e+00   4.716501e+03     79s
   71507    5.1033508e+06   0.000000e+00   1.518549e-02     82s
   73693    5.1033508e+06   2.216334e+00   0.000000e+00     86s
   73818    5.1033508e+06   0.000000e+00   0.000000e+00     91s
   73819    5.1033508e+06   0.000000e+00   0.000000e+00     95s
Extra simplex iterations after uncrush: 1

Root relaxation: objective 5.103351e+06, 73819 iterations, 73.71 seconds (186.75 work units)
Total elapsed time = 163.36s
Total elapsed time = 203.70s
Total elapsed time = 211.96s
Total elapsed time = 219.13s
Total elapsed time = 226.00s
Total elapsed time = 232.15s
Total elapsed time = 240.88s

    Nodes    |    Current Node    |     Objective Bounds      |     Work
 Expl Unexpl |  Obj  Depth IntInf | Incumbent    BestBd   Gap | It/Node Time

     0     0 5103350.84    0 3070          - 5103350.84      -     -  243s
     0     0 2.2940e+07    0 2423          - 2.2940e+07      -     -  465s
     0     0 2.4595e+07    0 2900          - 2.4595e+07      -     -  676s
     0     0 2.4772e+07    0 2841          - 2.4772e+07      -     -  697s
     0     0 2.4776e+07    0 2878          - 2.4776e+07      -     -  710s
     0     0 2.4776e+07    0 2889          - 2.4776e+07      -     -  801s
     0     0 2.6212e+07    0 2243          - 2.6212e+07      -     - 1140s
H    0     0                    3.802068e+07 2.6212e+07  31.1%     - 1192s
     0     0 2.6247e+07    0 2138 3.8021e+07 2.6247e+07  31.0%     - 1221s
     0     0 2.6254e+07    0 2151 3.8021e+07 2.6254e+07  30.9%     - 1232s
     0     0 2.6255e+07    0 2270 3.8021e+07 2.6255e+07  30.9%     - 1237s
     0     0 2.6472e+07    0 1937 3.8021e+07 2.6472e+07  30.4%     - 1552s
H    0     0                    3.754068e+07 2.6472e+07  29.5%     - 1562s
H    0     0                    3.285625e+07 2.6472e+07  19.4%     - 1656s
     0     0 2.6487e+07    0 2040 3.2856e+07 2.6487e+07  19.4%     - 1701s
     0     0 2.6488e+07    0 1911 3.2856e+07 2.6488e+07  19.4%     - 1719s
     0     0 2.6505e+07    0 1531 3.2856e+07 2.6505e+07  19.3%     - 2025s
     0     0 2.6506e+07    0 1531 3.2856e+07 2.6506e+07  19.3%     - 2144s
     0     0 2.6514e+07    0 1646 3.2856e+07 2.6514e+07  19.3%     - 2392s
H    0     0                    3.232623e+07 2.6514e+07  18.0%     - 2436s
     0     0 2.6514e+07    0 1544 3.2326e+07 2.6514e+07  18.0%     - 2459s
     0     0 2.6515e+07    0 1486 3.2326e+07 2.6515e+07  18.0%     - 2740s
     0     0 2.6515e+07    0 1491 3.2326e+07 2.6515e+07  18.0%     - 2789s
     0     0 2.6515e+07    0 1478 3.2326e+07 2.6515e+07  18.0%     - 3038s
     0     0 2.6515e+07    0 1473 3.2326e+07 2.6515e+07  18.0%     - 3274s
H    0     0                    3.222814e+07 2.6515e+07  17.7%     - 3447s
     0     0 2.6515e+07    0 3039 3.2228e+07 2.6515e+07  17.7%     - 3630s
     0     0 2.6515e+07    0 2705 3.2228e+07 2.6515e+07  17.7%     - 4010s
     0     0 2.6515e+07    0 2277 3.2228e+07 2.6515e+07  17.7%     - 4461s
     0     0 2.6515e+07    0 1661 3.2228e+07 2.6515e+07  17.7%     - 4628s
     0     0 2.6515e+07    0 1883 3.2228e+07 2.6515e+07  17.7%     - 4670s
     0     0 2.6515e+07    0 1868 3.2228e+07 2.6515e+07  17.7%     - 4681s
     0     0 2.6515e+07    0 1783 3.2228e+07 2.6515e+07  17.7%     - 4891s
     0     0 2.6515e+07    0 1809 3.2228e+07 2.6515e+07  17.7%     - 4993s
     0     0 2.6515e+07    0 1820 3.2228e+07 2.6515e+07  17.7%     - 5122s
     0     0 2.6515e+07    0 1821 3.2228e+07 2.6515e+07  17.7%     - 5133s
     0     0 2.6515e+07    0 1819 3.2228e+07 2.6515e+07  17.7%     - 5189s
     0     0 2.6515e+07    0 1739 3.2228e+07 2.6515e+07  17.7%     - 5202s
     0     0 2.6515e+07    0 1742 3.2228e+07 2.6515e+07  17.7%     - 5259s
     0     0 2.6515e+07    0 1737 3.2228e+07 2.6515e+07  17.7%     - 5313s
H    0     0                    3.128074e+07 2.6515e+07  15.2%     - 5528s
     0     2 2.6515e+07    0 1731 3.1281e+07 2.6515e+07  15.2%     - 6110s
     1     4 2.6518e+07    1 1737 3.1281e+07 2.6518e+07  15.2%  3330 6160s
     3     8 2.6521e+07    2 1869 3.1281e+07 2.6521e+07  15.2%  4952 6217s
     7    16 2.6538e+07    3 1852 3.1281e+07 2.6538e+07  15.2%  5164 6306s
    15    26 2.6563e+07    4 2037 3.1281e+07 2.6538e+07  15.2%  5482 6501s
    25    36 2.6562e+07    5 1828 3.1281e+07 2.6561e+07  15.1%  6971 6979s
    35    46 2.6579e+07    6 1826 3.1281e+07 2.6562e+07  15.1% 12470 7211s
    45    56 2.6594e+07    7 1794 3.1281e+07 2.6578e+07  15.0% 11458 7331s
    55    65 2.6581e+07    8 1472 3.1281e+07 2.6580e+07  15.0% 11563 7400s
    65    76 2.6582e+07    9 1616 3.1281e+07 2.6581e+07  15.0% 10510 7517s
    76    86 2.6590e+07   10 1621 3.1281e+07 2.6582e+07  15.0% 10208 7690s
    86    97 2.6594e+07   11 1543 3.1281e+07 2.6594e+07  15.0%  9734 7867s
    97   108 2.6605e+07   12 1666 3.1281e+07 2.6595e+07  15.0% 10048 8024s
   108   119 2.6599e+07   14 1640 3.1281e+07 2.6599e+07  15.0%  9975 8214s
   119   132 2.6616e+07   15 1635 3.1281e+07 2.6599e+07  15.0% 10308 8368s
   132   148 2.6606e+07    9 1577 3.1281e+07 2.6605e+07  14.9% 10309 8524s
   148   163 2.6889e+07    6 1556 3.1281e+07 2.6608e+07  14.9%  9860 8634s
   163   177 2.6708e+07    9 1653 3.1281e+07 2.6609e+07  14.9%  9702 8761s
   177   195 2.6610e+07   14 1436 3.1281e+07 2.6610e+07  14.9%  9488 8923s
   195   212 2.6638e+07   15 1392 3.1281e+07 2.6612e+07  14.9%  9308 9367s
   212   231 2.6617e+07   17 1624 3.1281e+07 2.6614e+07  14.9%  9275 9538s
   231   245 2.7063e+07   15 1573 3.1281e+07 2.6615e+07  14.9%  9027 9932s
   245   268 2.6689e+07   14 1781 3.1281e+07 2.6616e+07  14.9%  9367 10042s
   268   282 2.6708e+07    7 1555 3.1281e+07 2.6617e+07  14.9%  9037 11265s
   282   302 2.6697e+07   11 1968 3.1281e+07 2.6618e+07  14.9%  9069 11494s
   302   325 2.6679e+07   13 1618 3.1281e+07 2.6619e+07  14.9%  8993 11641s
   325   356 2.6664e+07    7 1393 3.1281e+07 2.6620e+07  14.9%  8861 11910s
   356   385 2.6649e+07    9 1481 3.1281e+07 2.6622e+07  14.9%  8736 12106s
H  385   398                    3.124106e+07 2.6623e+07  14.8%  8486 12433s
H  386   398                    3.122185e+07 2.6623e+07  14.7%  8471 12433s
H  388   398                    3.116559e+07 2.6623e+07  14.6%  8448 12433s
H  391   398                    3.114509e+07 2.6623e+07  14.5%  8423 12433s
H  393   398                    3.114328e+07 2.6623e+07  14.5%  8432 12433s
   398   442 2.6627e+07   10 1462 3.1143e+07 2.6624e+07  14.5%  8441 12650s
   442   468 2.6667e+07   11 1674 3.1143e+07 2.6625e+07  14.5%  7919 12906s
   468   481 2.6640e+07   17 1550 3.1143e+07 2.6627e+07  14.5%  7789 13103s
H  471   481                    3.093038e+07 2.6627e+07  13.9%  7746 13103s
   481   525 2.6735e+07   16 1523 3.0930e+07 2.6629e+07  13.9%  7844 13355s
