Path to output is:	 /work2/07346/ashukla/ls6/ThreeStageModel/output/modified_flexible_mit_24_voll_250/
Creating model instance.
The number of mini-brent models is	 54
Number of scenarios per model is	 4
Set parameter TokenServer to value "license02.tacc.utexas.edu"
Set parameter MIPFocus to value 3
Set parameter LogFile to value "/work2/07346/ashukla/ls6/ThreeStageModel/output/modified_flexible_mit_24_voll_250/log"
Set parameter MIPGap to value 0.005
Set parameter TimeLimit to value 165600
Set parameter Method to value 2
Set parameter NodefileStart to value 0.5
Set parameter Threads to value 10
Gurobi Optimizer version 10.0.2 build v10.0.2rc0 (linux64)

CPU model: AMD EPYC 7763 64-Core Processor, instruction set [SSE2|AVX|AVX2]
Thread count: 128 physical cores, 128 logical processors, using up to 10 threads

Optimize a model with 3551352 rows, 1101573 columns and 9914179 nonzeros
Model fingerprint: 0x707a3a23
Variable types: 755788 continuous, 345785 integer (306326 binary)
Coefficient statistics:
  Matrix range     [1e-03, 6e+05]
  Objective range  [1e+00, 1e+00]
  Bounds range     [1e+00, 4e+00]
  RHS range        [1e-02, 1e+05]
Presolve removed 2802232 rows and 436288 columns (presolve time = 5s) ...
Presolve removed 3045334 rows and 681118 columns (presolve time = 10s) ...
Presolve removed 3075112 rows and 698086 columns (presolve time = 15s) ...
Presolve removed 3104671 rows and 699580 columns (presolve time = 20s) ...
Presolve removed 3104671 rows and 699580 columns
Presolve time: 24.77s
Presolved: 446681 rows, 401993 columns, 1618012 nonzeros
Variable types: 297157 continuous, 104836 integer (84925 binary)
Root relaxation presolve removed 83357 rows and 61105 columns
Root relaxation presolved: 363324 rows, 340888 columns, 1428792 nonzeros

Root barrier log...

Ordering time: 2.76s
Elapsed ordering time = 5s
Elapsed ordering time = 10s
Elapsed ordering time = 15s
Ordering time: 15.78s

Barrier statistics:
 AA' NZ     : 3.569e+07
 Factor NZ  : 2.282e+08 (roughly 2.0 GB of memory)
 Factor Ops : 1.343e+12 (roughly 6 seconds per iteration)
 Threads    : 9

                  Objective                Residual
Iter       Primal          Dual         Primal    Dual     Compl     Time
   0  -1.13184133e+12 -2.59728279e+12  2.34e+04 1.48e+05  9.73e+07    54s
   1  -9.08630513e+11 -2.50947319e+12  1.87e+04 5.12e+05  7.77e+07    56s
   2  -5.07859014e+11 -2.25953972e+12  6.79e+03 8.81e+04  4.38e+07    59s
   3  -7.10014341e+10 -1.63579648e+12  8.51e+02 4.21e-08  7.63e+06    62s
   4  -2.79186312e+09 -1.45130448e+12  2.71e+00 1.09e-07  2.07e+06    65s
   5   1.28578953e+09 -3.22690282e+11  7.32e-01 2.79e-08  4.22e+05    68s
   6   2.23107241e+09 -3.98171583e+10  5.38e-03 1.41e-08  4.74e+04    72s
   7   1.07210321e+09 -7.44790138e+09  1.82e-05 2.73e-09  9.58e+03    77s
   8   3.37030221e+08 -8.79269386e+08  2.99e-07 1.26e-09  1.37e+03    82s
   9   2.00469462e+08 -4.89136364e+08  1.87e-07 9.71e-10  7.76e+02    87s
  10   1.34504461e+08 -5.13117419e+07  9.68e-08 9.31e-10  2.09e+02    93s
  11   6.16577556e+07  1.83664579e+07  2.13e-08 9.31e-10  4.87e+01    98s
  12   4.89013165e+07  2.80575371e+07  1.10e-08 5.82e-10  2.34e+01   103s
  13   4.33221400e+07  3.06312430e+07  6.96e-09 4.66e-10  1.43e+01   108s
  14   4.09065639e+07  3.20306682e+07  5.12e-09 4.66e-10  9.98e+00   113s
  15   3.91896963e+07  3.27429657e+07  3.84e-09 4.66e-10  7.25e+00   118s
  16   3.77302953e+07  3.32859202e+07  2.80e-09 6.98e-10  5.00e+00   123s
  17   3.70602092e+07  3.35478718e+07  2.30e-09 3.49e-10  3.95e+00   128s
  18   3.64806696e+07  3.37632517e+07  1.77e-09 4.66e-10  3.06e+00   132s
  19   3.58097202e+07  3.39383808e+07  1.33e-09 6.98e-10  2.10e+00   137s
  20   3.53599080e+07  3.41243667e+07  2.87e-09 9.31e-10  1.39e+00   141s
  21   3.50541365e+07  3.42200033e+07  3.46e-09 2.33e-10  9.38e-01   146s
  22   3.48473354e+07  3.43268933e+07  4.16e-09 8.15e-10  5.85e-01   151s
  23   3.47041232e+07  3.44279321e+07  2.66e-09 3.86e-10  3.11e-01   155s
  24   3.46438085e+07  3.44922880e+07  1.15e-09 3.49e-10  1.70e-01   160s
  25   3.46033384e+07  3.45301924e+07  5.63e-10 9.31e-10  8.23e-02   166s
  26   3.45883816e+07  3.45545635e+07  4.80e-10 4.66e-10  3.80e-02   171s
  27   3.45762336e+07  3.45583028e+07  8.50e-10 4.66e-10  2.02e-02   176s
  28   3.45726663e+07  3.45621159e+07  9.35e-10 5.82e-10  1.19e-02   181s
  29   3.45703951e+07  3.45639584e+07  4.79e-10 3.49e-10  7.24e-03   186s
  30   3.45695524e+07  3.45664747e+07  3.08e-10 3.49e-10  3.46e-03   191s
  31   3.45688045e+07  3.45673412e+07  2.44e-10 5.32e-10  1.65e-03   196s
  32   3.45684049e+07  3.45678174e+07  6.92e-10 4.18e-10  6.61e-04   201s
  33   3.45681788e+07  3.45678396e+07  2.19e-10 6.98e-10  3.81e-04   207s
  34   3.45681438e+07  3.45679232e+07  3.46e-08 4.66e-10  2.48e-04   211s
  35   3.45681076e+07  3.45679605e+07  2.97e-08 4.66e-10  1.65e-04   217s
  36   3.45680699e+07  3.45679723e+07  1.87e-08 4.12e-10  1.10e-04   222s
  37   3.45680659e+07  3.45679784e+07  3.41e-08 4.66e-10  9.82e-05   227s
  38   3.45680353e+07  3.45679871e+07  8.50e-08 3.49e-10  5.42e-05   233s
  39   3.45680254e+07  3.45679959e+07  5.90e-08 3.49e-10  3.32e-05   238s

Barrier solved model in 39 iterations and 238.13 seconds (345.90 work units)
Optimal objective 3.45680254e+07


Root crossover log...

   96073 DPushes remaining with DInf 0.0000000e+00               239s
    3955 DPushes remaining with DInf 0.0000000e+00               240s
       0 DPushes remaining with DInf 0.0000000e+00               245s

Restart crossover...

   96085 DPushes remaining with DInf 0.0000000e+00               247s
    3929 DPushes remaining with DInf 0.0000000e+00               251s
       0 DPushes remaining with DInf 0.0000000e+00               255s

   37345 PPushes remaining with PInf 2.0900342e+03               255s
   17709 PPushes remaining with PInf 1.8288306e+03               260s
   12965 PPushes remaining with PInf 1.8018145e+03               265s
    4478 PPushes remaining with PInf 1.4360037e+03               274s
       0 PPushes remaining with PInf 1.3447957e+03               278s

  Push phase complete: Pinf 1.3447957e+03, Dinf 9.0291680e+04    278s


Root simplex log...

Iteration    Objective       Primal Inf.    Dual Inf.      Time
   59027    3.4568014e+07   0.000000e+00   9.029168e+04    280s
   59233    3.4568003e+07   2.517848e+03   0.000000e+00    282s
   60911    3.4568003e+07   0.000000e+00   0.000000e+00    286s
   60911    3.4568003e+07   0.000000e+00   0.000000e+00    289s

Root relaxation: objective 3.456800e+07, 60911 iterations, 260.87 seconds (451.07 work units)
Total elapsed time = 301.99s
Total elapsed time = 354.73s
Total elapsed time = 380.14s
Total elapsed time = 385.05s
Total elapsed time = 398.23s
Total elapsed time = 409.93s
Total elapsed time = 416.13s
Total elapsed time = 421.15s

    Nodes    |    Current Node    |     Objective Bounds      |     Work
 Expl Unexpl |  Obj  Depth IntInf | Incumbent    BestBd   Gap | It/Node Time

     0     0 3.4568e+07    0 4486          - 3.4568e+07      -     -  427s
     0     0 4.6836e+07    0 2836          - 4.6836e+07      -     - 1140s
     0     0 5.0361e+07    0 3028          - 5.0361e+07      -     - 1677s
     0     0 5.0361e+07    0 3028          - 5.0361e+07      -     - 1686s
     0     0 5.0419e+07    0 3673          - 5.0419e+07      -     - 2168s
     0     0 5.0422e+07    0 3724          - 5.0422e+07      -     - 2254s
     0     0 5.0422e+07    0 3728          - 5.0422e+07      -     - 2349s
     0     0 5.1728e+07    0 2707          - 5.1728e+07      -     - 2993s
H    0     0                    6.127446e+07 5.1728e+07  15.6%     - 3133s
     0     0 5.1761e+07    0 2826 6.1274e+07 5.1761e+07  15.5%     - 3225s
     0     0 5.1770e+07    0 2779 6.1274e+07 5.1770e+07  15.5%     - 3362s
     0     0 5.1771e+07    0 2824 6.1274e+07 5.1771e+07  15.5%     - 3383s
     0     0 5.1836e+07    0 3275 6.1274e+07 5.1836e+07  15.4%     - 4145s
H    0     0                    6.103446e+07 5.1836e+07  15.1%     - 4155s
H    0     0                    6.036296e+07 5.1836e+07  14.1%     - 4505s
     0     0 5.1844e+07    0 3122 6.0363e+07 5.1844e+07  14.1%     - 4654s
     0     0 5.1850e+07    0 3196 6.0363e+07 5.1850e+07  14.1%     - 4964s
     0     0 5.1851e+07    0 3181 6.0363e+07 5.1851e+07  14.1%     - 5010s
     0     0 5.1867e+07    0 2756 6.0363e+07 5.1867e+07  14.1%     - 5922s
     0     0 5.1867e+07    0 2826 6.0363e+07 5.1867e+07  14.1%     - 6284s
     0     0 5.1868e+07    0 2798 6.0363e+07 5.1868e+07  14.1%     - 6701s
     0     0 5.1868e+07    0 2803 6.0363e+07 5.1868e+07  14.1%     - 6889s
     0     0 5.1868e+07    0 2824 6.0363e+07 5.1868e+07  14.1%     - 9092s
     0     0 5.1868e+07    0 3223 6.0363e+07 5.1868e+07  14.1%     - 9330s
     0     0 5.1869e+07    0 2854 6.0363e+07 5.1869e+07  14.1%     - 10080s
     0     0 5.1869e+07    0 2837 6.0363e+07 5.1869e+07  14.1%     - 10476s
H    0     0                    5.809173e+07 5.1869e+07  10.7%     - 10988s
