Path to output is:	 /work2/07346/ashukla/ls6/ThreeStageModel/output/modified_flexible_mit_18_voll_250/
Creating model instance.
The number of mini-brent models is	 54
Number of scenarios per model is	 4
Set parameter TokenServer to value "license02.tacc.utexas.edu"
Set parameter MIPFocus to value 3
Set parameter LogFile to value "/work2/07346/ashukla/ls6/ThreeStageModel/output/modified_flexible_mit_18_voll_250/log"
Set parameter MIPGap to value 0.005
Set parameter TimeLimit to value 165600
Set parameter Method to value 2
Set parameter NodefileStart to value 0.5
Set parameter Threads to value 10
Gurobi Optimizer version 10.0.2 build v10.0.2rc0 (linux64)

CPU model: AMD EPYC 7763 64-Core Processor, instruction set [SSE2|AVX|AVX2]
Thread count: 128 physical cores, 128 logical processors, using up to 10 threads

Optimize a model with 3551352 rows, 1101573 columns and 9914179 nonzeros
Model fingerprint: 0xa268227b
Variable types: 755788 continuous, 345785 integer (306326 binary)
Coefficient statistics:
  Matrix range     [1e-03, 6e+05]
  Objective range  [1e+00, 1e+00]
  Bounds range     [1e+00, 3e+00]
  RHS range        [1e-02, 1e+05]
Presolve removed 2802232 rows and 436288 columns (presolve time = 5s) ...
Presolve removed 3045334 rows and 681118 columns (presolve time = 10s) ...
Presolve removed 3075292 rows and 698411 columns (presolve time = 15s) ...
Presolve removed 3107327 rows and 700440 columns (presolve time = 20s) ...
Presolve removed 3107327 rows and 700440 columns
Presolve time: 24.05s
Presolved: 444025 rows, 401133 columns, 1610207 nonzeros
Variable types: 296395 continuous, 104738 integer (84827 binary)
Root relaxation presolve removed 83201 rows and 61011 columns
Root relaxation presolved: 360824 rows, 340122 columns, 1421177 nonzeros

Root barrier log...

Ordering time: 2.88s
Elapsed ordering time = 5s
Elapsed ordering time = 10s
Elapsed ordering time = 10s
Ordering time: 14.94s

Barrier statistics:
 AA' NZ     : 3.517e+07
 Factor NZ  : 2.174e+08 (roughly 2.0 GB of memory)
 Factor Ops : 1.268e+12 (roughly 6 seconds per iteration)
 Threads    : 9

                  Objective                Residual
Iter       Primal          Dual         Primal    Dual     Compl     Time
   0  -1.16857593e+12 -2.56626191e+12  2.43e+04 1.48e+05  1.00e+08    51s
   1  -9.09908389e+11 -2.48044671e+12  1.89e+04 5.49e+05  7.74e+07    54s
   2  -5.22786125e+11 -2.22076457e+12  9.84e+03 1.41e+05  4.53e+07    56s
   3  -1.40036275e+11 -1.66093295e+12  2.45e+03 1.39e-07  1.33e+07    59s
   4  -1.02461599e+10 -1.39575811e+12  8.39e+01 9.36e-08  2.58e+06    61s
   5  -6.14106030e+08 -4.14965688e+11  1.62e+00 8.45e-08  6.31e+05    64s
   6   1.86643531e+09 -7.37892961e+10  2.19e-01 2.77e-08  9.42e+04    67s
   7   1.57109525e+09 -1.23807844e+10  4.45e-12 4.63e-09  1.58e+04    71s
   8   7.67529717e+08 -5.21221457e+09  8.30e-12 2.10e-09  6.75e+03    75s
   9   1.94831181e+08 -6.89100311e+08  1.61e-11 1.11e-09  9.98e+02    80s
  10   1.60448923e+08 -1.28587816e+08  1.68e-11 1.28e-09  3.26e+02    85s
  11   1.03849195e+08 -1.61315856e+07  2.55e-11 9.31e-10  1.36e+02    90s
  12   7.34787320e+07  1.21999650e+07  6.94e-11 4.66e-10  6.92e+01    94s
  13   6.00121069e+07  2.18391601e+07  1.20e-10 6.98e-10  4.31e+01    98s
  14   5.08261655e+07  2.84491219e+07  2.15e-10 2.33e-10  2.53e+01   102s
  15   4.80927580e+07  3.16839533e+07  2.16e-10 5.82e-10  1.85e+01   107s
  16   4.42610497e+07  3.41102348e+07  3.43e-10 3.49e-10  1.15e+01   111s
  17   4.26351337e+07  3.50782401e+07  2.08e-10 3.49e-10  8.54e+00   115s
  18   4.16515774e+07  3.58380259e+07  1.59e-10 3.49e-10  6.57e+00   119s
  19   4.09901731e+07  3.63072821e+07  1.36e-10 3.50e-10  5.29e+00   123s
  20   4.03438917e+07  3.67102719e+07  1.08e-10 3.40e-10  4.10e+00   127s
  21   3.97485626e+07  3.71494901e+07  1.28e-10 4.66e-10  2.94e+00   131s
  22   3.92503304e+07  3.73842516e+07  1.53e-10 4.08e-10  2.11e+00   136s
  23   3.87406032e+07  3.75242405e+07  1.21e-10 3.49e-10  1.37e+00   140s
  24   3.83336008e+07  3.77427040e+07  3.97e-10 3.49e-10  6.67e-01   144s
  25   3.82241946e+07  3.78926214e+07  3.95e-10 4.66e-10  3.75e-01   148s
  26   3.81299007e+07  3.79491658e+07  4.09e-10 1.16e-09  2.04e-01   153s
  27   3.80720267e+07  3.79750342e+07  2.97e-10 4.66e-10  1.10e-01   157s
  28   3.80318165e+07  3.79924824e+07  3.11e-09 4.66e-10  4.44e-02   162s
  29   3.80161350e+07  3.80005295e+07  5.54e-09 3.49e-10  1.76e-02   166s
  30   3.80115926e+07  3.80028688e+07  2.92e-09 4.66e-10  9.85e-03   171s
  31   3.80097247e+07  3.80050661e+07  1.54e-09 3.49e-10  5.26e-03   175s
  32   3.80077201e+07  3.80054536e+07  1.66e-09 5.82e-10  2.56e-03   179s
  33   3.80065671e+07  3.80057662e+07  9.47e-10 4.66e-10  9.05e-04   183s
  34   3.80060557e+07  3.80058805e+07  3.41e-10 8.15e-10  1.98e-04   188s
  35   3.80059090e+07  3.80058988e+07  8.29e-10 6.98e-10  1.15e-05   192s
  36   3.80059059e+07  3.80059041e+07  3.51e-09 4.66e-10  2.08e-06   196s
  37   3.80059052e+07  3.80059050e+07  3.00e-07 3.93e-10  1.61e-07   202s
  38   3.80059051e+07  3.80059051e+07  1.50e-08 4.66e-10  1.26e-09   206s

Barrier solved model in 38 iterations and 205.78 seconds (317.34 work units)
Optimal objective 3.80059051e+07


Root crossover log...

   93354 DPushes remaining with DInf 0.0000000e+00               207s
       0 DPushes remaining with DInf 0.0000000e+00               210s

   19503 PPushes remaining with PInf 1.3667591e-03               210s
   16449 PPushes remaining with PInf 0.0000000e+00               210s
    2920 PPushes remaining with PInf 0.0000000e+00               217s
       0 PPushes remaining with PInf 0.0000000e+00               219s

  Push phase complete: Pinf 0.0000000e+00, Dinf 2.3353190e-08    219s


Root simplex log...

Iteration    Objective       Primal Inf.    Dual Inf.      Time
   27110    3.8005905e+07   0.000000e+00   0.000000e+00    220s
   27110    3.8005905e+07   0.000000e+00   5.138872e-01    221s
   27111    3.8005905e+07   0.000000e+00   0.000000e+00    222s
Extra simplex iterations after uncrush: 1

Root relaxation: objective 3.800591e+07, 27111 iterations, 194.72 seconds (326.58 work units)
Total elapsed time = 298.14s
Total elapsed time = 345.29s
Total elapsed time = 350.67s
Total elapsed time = 356.50s
Total elapsed time = 360.77s
Total elapsed time = 372.29s
Total elapsed time = 380.32s

    Nodes    |    Current Node    |     Objective Bounds      |     Work
 Expl Unexpl |  Obj  Depth IntInf | Incumbent    BestBd   Gap | It/Node Time

     0     0 3.8006e+07    0 4003          - 3.8006e+07      -     -  385s
     0     0 3.8006e+07    0 4003          - 3.8006e+07      -     -  389s
H    0     0                    2.149493e+08 3.8006e+07  82.3%     -  415s
     0     0 4.9621e+07    0 2760 2.1495e+08 4.9621e+07  76.9%     - 1069s
H    0     0                    7.691166e+07 4.9621e+07  35.5%     - 1153s
H    0     0                    7.615342e+07 4.9621e+07  34.8%     - 1380s
     0     0 5.1056e+07    0 3202 7.6153e+07 5.1056e+07  33.0%     - 1906s
     0     0 5.1056e+07    0 3201 7.6153e+07 5.1056e+07  33.0%     - 1950s
     0     0 5.1108e+07    0 3137 7.6153e+07 5.1108e+07  32.9%     - 2020s
     0     0 5.1110e+07    0 3716 7.6153e+07 5.1110e+07  32.9%     - 2091s
     0     0 5.1110e+07    0 3723 7.6153e+07 5.1110e+07  32.9%     - 2110s
     0     0 5.2212e+07    0 3427 7.6153e+07 5.2212e+07  31.4%     - 2858s
H    0     0                    6.199746e+07 5.2212e+07  15.8%     - 2985s
H    0     0                    6.173246e+07 5.2212e+07  15.4%     - 2985s
     0     0 5.2251e+07    0 3184 6.1732e+07 5.2251e+07  15.4%     - 3332s
     0     0 5.2256e+07    0 3211 6.1732e+07 5.2256e+07  15.4%     - 3400s
     0     0 5.2259e+07    0 3080 6.1732e+07 5.2259e+07  15.3%     - 3414s
     0     0 5.2259e+07    0 3073 6.1732e+07 5.2259e+07  15.3%     - 3419s
     0     0 5.2347e+07    0 3289 6.1732e+07 5.2347e+07  15.2%     - 4467s
     0     0 5.2357e+07    0 3254 6.1732e+07 5.2357e+07  15.2%     - 4788s
     0     0 5.2361e+07    0 3063 6.1732e+07 5.2361e+07  15.2%     - 12200s
     0     0 5.2361e+07    0 3045 6.1732e+07 5.2361e+07  15.2%     - 12247s
