Path to output is:	 /work2/07346/ashukla/ls6/ThreeStageModel/output/modified_flexible_mit_12/
Creating model instance.
The number of mini-brent models is	 54
Number of scenarios per model is	 4
Set parameter TokenServer to value "license02.tacc.utexas.edu"
Set parameter MIPFocus to value 3
Set parameter LogFile to value "/work2/07346/ashukla/ls6/ThreeStageModel/output/modified_flexible_mit_12/log"
Set parameter MIPGap to value 0.005
Set parameter TimeLimit to value 165600
Set parameter Method to value 2
Set parameter NodefileStart to value 0.5
Set parameter Threads to value 10
Gurobi Optimizer version 10.0.2 build v10.0.2rc0 (linux64)

CPU model: AMD EPYC 7763 64-Core Processor, instruction set [SSE2|AVX|AVX2]
Thread count: 128 physical cores, 128 logical processors, using up to 10 threads

Optimize a model with 3551352 rows, 1101573 columns and 9914179 nonzeros
Model fingerprint: 0xaea19de1
Variable types: 755788 continuous, 345785 integer (306326 binary)
Coefficient statistics:
  Matrix range     [1e-03, 6e+05]
  Objective range  [1e+00, 1e+00]
  Bounds range     [1e+00, 3e+00]
  RHS range        [1e-02, 1e+05]
Presolve removed 2802232 rows and 436288 columns (presolve time = 5s) ...
Presolve removed 3045334 rows and 681118 columns (presolve time = 10s) ...
Presolve removed 3076522 rows and 700568 columns (presolve time = 15s) ...
Presolve removed 3124524 rows and 706511 columns (presolve time = 20s) ...
Presolve removed 3124524 rows and 706511 columns
Presolve time: 23.11s
Presolved: 426828 rows, 395062 columns, 1558904 nonzeros
Variable types: 290964 continuous, 104098 integer (84187 binary)
Root relaxation presolve removed 81642 rows and 60453 columns
Root relaxation presolved: 345186 rows, 334609 columns, 1372722 nonzeros

Root barrier log...

Ordering time: 2.90s
Elapsed ordering time = 5s
Ordering time: 8.17s

Barrier statistics:
 AA' NZ     : 2.624e+07
 Factor NZ  : 1.327e+08 (roughly 1.3 GB of memory)
 Factor Ops : 5.066e+11 (roughly 3 seconds per iteration)
 Threads    : 9

                  Objective                Residual
Iter       Primal          Dual         Primal    Dual     Compl     Time
   0  -2.31971512e+13 -5.76212891e+13  2.00e+04 3.56e+06  1.97e+09    42s
   1  -2.15729524e+13 -5.38163329e+13  1.86e+04 9.43e+06  1.80e+09    43s
   2  -8.88711639e+12 -4.69951142e+13  6.62e+03 4.05e+06  7.68e+08    44s
   3  -2.64509217e+11 -3.44140195e+13  2.81e+02 5.04e+04  6.52e+07    46s
   4  -6.46273077e+10 -2.79413739e+13  2.47e+00 4.76e+04  4.14e+07    47s
   5   4.53130603e+10 -3.34920959e+12  2.01e-01 1.22e-06  4.23e+06    49s
   6   3.94085538e+10 -7.53953436e+11  1.46e-02 3.70e-07  9.30e+05    50s
   7   1.82976797e+10 -1.76518114e+11  2.37e-05 2.79e-07  2.27e+05    53s
   8   5.88428603e+09 -2.38313133e+10  5.18e-07 4.98e-08  3.45e+04    56s
   9   1.93147569e+09 -6.33026692e+09  4.69e-08 3.12e-08  9.60e+03    58s
  10   1.29505023e+09 -2.47694538e+09  1.89e-08 1.82e-08  4.38e+03    60s
  11   8.41138132e+08 -8.04241739e+08  5.38e-09 7.45e-09  1.91e+03    63s
  12   6.94711338e+08  1.21728679e+08  2.09e-09 7.45e-09  6.66e+02    65s
  13   6.72051732e+08  3.98778034e+08  1.71e-09 7.45e-09  3.18e+02    67s
  14   6.16896547e+08  4.67847891e+08  7.98e-10 7.45e-09  1.73e+02    69s
  15   6.03381985e+08  4.88608534e+08  6.03e-10 7.45e-09  1.33e+02    71s
  16   5.93719269e+08  5.09563313e+08  4.70e-10 7.45e-09  9.78e+01    73s
  17   5.84809473e+08  5.24994851e+08  3.50e-10 7.45e-09  6.95e+01    75s
  18   5.73501364e+08  5.33935296e+08  2.01e-10 7.45e-09  4.60e+01    77s
  19   5.71079086e+08  5.38868581e+08  1.71e-10 7.45e-09  3.74e+01    79s
  20   5.68404655e+08  5.42642464e+08  1.32e-10 7.45e-09  2.99e+01    81s
  21   5.67754638e+08  5.44410092e+08  1.25e-10 7.45e-09  2.71e+01    84s
  22   5.64772655e+08  5.49139812e+08  8.99e-11 7.59e-09  1.82e+01    86s
  23   5.63029376e+08  5.51675444e+08  5.69e-11 7.45e-09  1.32e+01    88s
  24   5.62088210e+08  5.52415038e+08  1.30e-10 7.45e-09  1.12e+01    91s
  25   5.61887013e+08  5.52536282e+08  1.17e-10 7.45e-09  1.09e+01    93s
  26   5.61475641e+08  5.53867676e+08  9.16e-11 7.45e-09  8.84e+00    95s
  27   5.61230306e+08  5.54895001e+08  7.90e-11 7.45e-09  7.36e+00    97s
  28   5.60590051e+08  5.55167495e+08  7.11e-11 7.45e-09  6.30e+00    99s
  29   5.60203932e+08  5.55629282e+08  7.70e-11 7.45e-09  5.32e+00   101s
  30   5.60016389e+08  5.56117816e+08  1.12e-10 7.45e-09  4.53e+00   104s
  31   5.59772157e+08  5.57141682e+08  9.54e-11 7.45e-09  3.06e+00   106s
  32   5.59547217e+08  5.57604918e+08  1.30e-10 7.45e-09  2.26e+00   108s
  33   5.59325640e+08  5.57901140e+08  8.91e-11 7.45e-09  1.66e+00   110s
  34   5.59209400e+08  5.58177197e+08  1.89e-10 7.45e-09  1.20e+00   112s
  35   5.59105797e+08  5.58395714e+08  2.29e-10 7.45e-09  8.25e-01   115s
  36   5.59043258e+08  5.58565378e+08  3.36e-10 7.45e-09  5.56e-01   117s
  37   5.58984517e+08  5.58671447e+08  2.69e-10 1.15e-08  3.64e-01   119s
  38   5.58933113e+08  5.58744191e+08  2.27e-10 7.45e-09  2.20e-01   121s
  39   5.58898370e+08  5.58801683e+08  1.36e-10 7.45e-09  1.12e-01   124s
  40   5.58870046e+08  5.58828411e+08  4.14e-10 7.45e-09  4.84e-02   126s
  41   5.58861718e+08  5.58839537e+08  1.59e-10 7.45e-09  2.58e-02   128s
  42   5.58860290e+08  5.58843759e+08  1.74e-10 9.56e-09  1.92e-02   130s
  43   5.58858028e+08  5.58845283e+08  1.31e-10 7.45e-09  1.48e-02   132s
  44   5.58854288e+08  5.58846499e+08  4.14e-10 7.45e-09  9.05e-03   134s
  45   5.58852921e+08  5.58848102e+08  4.01e-10 7.45e-09  5.60e-03   136s
  46   5.58850728e+08  5.58849329e+08  4.59e-10 1.12e-08  1.63e-03   139s
  47   5.58849995e+08  5.58849783e+08  2.03e-09 1.12e-08  2.47e-04   141s
  48   5.58849952e+08  5.58849875e+08  7.99e-08 7.45e-09  9.04e-05   143s
  49   5.58849932e+08  5.58849906e+08  1.85e-08 7.45e-09  3.06e-05   146s
  50   5.58849922e+08  5.58849917e+08  1.59e-06 1.12e-08  6.66e-06   149s
  51   5.58849919e+08  5.58849919e+08  1.99e-07 1.12e-08  6.06e-07   151s
  52   5.58849919e+08  5.58849919e+08  1.55e-08 1.12e-08  1.91e-08   154s
  53   5.58849919e+08  5.58849919e+08  3.97e-09 1.12e-08  1.48e-09   156s

Barrier solved model in 53 iterations and 156.27 seconds (201.91 work units)
Optimal objective 5.58849919e+08


Root crossover log...

  104278 DPushes remaining with DInf 0.0000000e+00               157s
    8294 DPushes remaining with DInf 1.1230888e-04               161s
       0 DPushes remaining with DInf 0.0000000e+00               163s

   16412 PPushes remaining with PInf 1.1318948e-06               163s
   11702 PPushes remaining with PInf 0.0000000e+00               165s
     667 PPushes remaining with PInf 0.0000000e+00               174s
       0 PPushes remaining with PInf 0.0000000e+00               175s

  Push phase complete: Pinf 0.0000000e+00, Dinf 1.9643105e-07    175s


Root simplex log...

Iteration    Objective       Primal Inf.    Dual Inf.      Time
   29069    5.5884992e+08   0.000000e+00   0.000000e+00    175s
   29069    5.5884992e+08   0.000000e+00   0.000000e+00    177s

Root relaxation: objective 5.588499e+08, 29069 iterations, 150.44 seconds (224.73 work units)
Total elapsed time = 187.70s
Total elapsed time = 233.46s
Total elapsed time = 237.40s
Total elapsed time = 240.25s
Total elapsed time = 253.56s
Total elapsed time = 262.20s

    Nodes    |    Current Node    |     Objective Bounds      |     Work
 Expl Unexpl |  Obj  Depth IntInf | Incumbent    BestBd   Gap | It/Node Time

     0     0 5.5885e+08    0 1666          - 5.5885e+08      -     -  267s
     0     0 5.6369e+08    0 1863          - 5.6369e+08      -     -  755s
     0     0 5.6371e+08    0 1842          - 5.6371e+08      -     -  946s
     0     0 5.6372e+08    0 1835          - 5.6372e+08      -     -  961s
     0     0 5.6372e+08    0 1835          - 5.6372e+08      -     -  964s
     0     0 5.6381e+08    0 1416          - 5.6381e+08      -     - 1230s
     0     0 5.6382e+08    0 1505          - 5.6382e+08      -     - 1310s
     0     0 5.6382e+08    0 1525          - 5.6382e+08      -     - 1324s
     0     0 5.6382e+08    0 1296          - 5.6382e+08      -     - 1609s
H    0     0                    6.793203e+08 5.6382e+08  17.0%     - 1677s
     0     0 5.6382e+08    0 1303 6.7932e+08 5.6382e+08  17.0%     - 1680s
     0     0 5.6382e+08    0 1297 6.7932e+08 5.6382e+08  17.0%     - 1875s
     0     0 5.6382e+08    0 1297 6.7932e+08 5.6382e+08  17.0%     - 1885s
     0     0 5.6382e+08    0 1295 6.7932e+08 5.6382e+08  17.0%     - 2074s
     0     0 6.1483e+08    0 2221 6.7932e+08 6.1483e+08  9.49%     - 2713s
     0     0 6.1483e+08    0 2206 6.7932e+08 6.1483e+08  9.49%     - 2749s
     0     0 6.1503e+08    0 2212 6.7932e+08 6.1503e+08  9.46%     - 3620s
     0     0 6.1504e+08    0 2340 6.7932e+08 6.1504e+08  9.46%     - 3645s
     0     0 6.1531e+08    0 2207 6.7932e+08 6.1531e+08  9.42%     - 3989s
     0     0 6.1532e+08    0 2279 6.7932e+08 6.1532e+08  9.42%     - 4518s
     0     0 6.1532e+08    0 2274 6.7932e+08 6.1532e+08  9.42%     - 4542s
     0     0 6.1534e+08    0 2210 6.7932e+08 6.1534e+08  9.42%     - 4985s
     0     0 6.1535e+08    0 2225 6.7932e+08 6.1535e+08  9.42%     - 5162s
     0     0 6.1537e+08    0 2222 6.7932e+08 6.1537e+08  9.41%     - 5623s
     0     0 6.1537e+08    0 2223 6.7932e+08 6.1537e+08  9.41%     - 5748s
     0     0 6.1537e+08    0 2210 6.7932e+08 6.1537e+08  9.41%     - 6090s
     0     0 6.1537e+08    0 2215 6.7932e+08 6.1537e+08  9.41%     - 6181s
     0     0 6.1538e+08    0 2160 6.7932e+08 6.1538e+08  9.41%     - 6565s
     0     0 6.1538e+08    0 2153 6.7932e+08 6.1538e+08  9.41%     - 6961s
     0     0 6.1538e+08    0 1861 6.7932e+08 6.1538e+08  9.41%     - 7675s
     0     0 6.1538e+08    0 2068 6.7932e+08 6.1538e+08  9.41%     - 11667s
     0     0 6.1540e+08    0 1961 6.7932e+08 6.1540e+08  9.41%     - 11901s
     0     0 6.1540e+08    0 1960 6.7932e+08 6.1540e+08  9.41%     - 11906s
     0     0 6.1587e+08    0 2114 6.7932e+08 6.1587e+08  9.34%     - 12483s
     0     0 6.1588e+08    0 2124 6.7932e+08 6.1588e+08  9.34%     - 13031s
     0     0 6.1588e+08    0 2128 6.7932e+08 6.1588e+08  9.34%     - 13071s
     0     0 6.1588e+08    0 2129 6.7932e+08 6.1588e+08  9.34%     - 13076s
     0     0 6.1594e+08    0 2106 6.7932e+08 6.1594e+08  9.33%     - 13453s
     0     0 6.1596e+08    0 2147 6.7932e+08 6.1596e+08  9.33%     - 13936s
     0     0 6.1596e+08    0 2146 6.7932e+08 6.1596e+08  9.33%     - 14121s
     0     0 6.1596e+08    0 2146 6.7932e+08 6.1596e+08  9.33%     - 14126s
     0     0 6.1597e+08    0 2120 6.7932e+08 6.1597e+08  9.33%     - 14324s
     0     0 6.1597e+08    0 2129 6.7932e+08 6.1597e+08  9.33%     - 14624s
     0     0 6.1597e+08    0 2130 6.7932e+08 6.1597e+08  9.33%     - 37652s
     0     0 6.1597e+08    0 2142 6.7932e+08 6.1597e+08  9.33%     - 38097s
     0     0 6.1598e+08    0 2104 6.7932e+08 6.1598e+08  9.32%     - 38285s
     0     0 6.1598e+08    0 2117 6.7932e+08 6.1598e+08  9.32%     - 38465s
     0     0 6.1599e+08    0 2178 6.7932e+08 6.1599e+08  9.32%     - 38960s
     0     0 6.1600e+08    0 2147 6.7932e+08 6.1600e+08  9.32%     - 39314s
     0     0 6.1606e+08    0 2238 6.7932e+08 6.1606e+08  9.31%     - 39596s
     0     0 6.1606e+08    0 2238 6.7932e+08 6.1606e+08  9.31%     - 40659s
     0     0 6.1606e+08    0 2118 6.7932e+08 6.1606e+08  9.31%     - 41003s
     0     0 6.1606e+08    0 2142 6.7932e+08 6.1606e+08  9.31%     - 41418s
     0     0 6.1606e+08    0 2111 6.7932e+08 6.1606e+08  9.31%     - 42046s
     0     0 6.1606e+08    0 2113 6.7932e+08 6.1606e+08  9.31%     - 42341s
     0     0 6.1665e+08    0 2170 6.7932e+08 6.1665e+08  9.23%     - 43100s
     0     0  postponed    0      6.7932e+08 6.1665e+08  9.23%     - 82363s
