Path to output is:	 /work2/07346/ashukla/ls6/ThreeStageModel/output/final_voll_250/
Creating model instance.
The number of mini-brent models is	 54
Number of scenarios per model is	 4
Set parameter TokenServer to value "license02.tacc.utexas.edu"
Set parameter MIPFocus to value 3
Set parameter LogFile to value "/work2/07346/ashukla/ls6/ThreeStageModel/output/final_voll_250/log"
Set parameter MIPGap to value 0.005
Set parameter TimeLimit to value 165600
Set parameter Method to value 2
Set parameter NodefileStart to value 0.5
Set parameter Threads to value 10
Gurobi Optimizer version 10.0.2 build v10.0.2rc0 (linux64)

CPU model: AMD EPYC 7763 64-Core Processor, instruction set [SSE2|AVX|AVX2]
Thread count: 128 physical cores, 128 logical processors, using up to 10 threads

Optimize a model with 3551352 rows, 1101573 columns and 9913817 nonzeros
Model fingerprint: 0x7029f1cd
Variable types: 755788 continuous, 345785 integer (306326 binary)
Coefficient statistics:
  Matrix range     [1e-03, 6e+05]
  Objective range  [1e+00, 1e+00]
  Bounds range     [1e+00, 4e+00]
  RHS range        [1e-02, 1e+05]
Presolve removed 2802594 rows and 436650 columns (presolve time = 5s) ...
Presolve removed 3045696 rows and 681480 columns (presolve time = 10s) ...
Presolve removed 3075474 rows and 698445 columns (presolve time = 16s) ...
Presolve removed 3105033 rows and 699942 columns (presolve time = 20s) ...
Presolve removed 3105033 rows and 699942 columns (presolve time = 25s) ...
Presolve removed 3105033 rows and 699942 columns
Presolve time: 25.68s
Presolved: 446319 rows, 401631 columns, 1615410 nonzeros
Variable types: 297157 continuous, 104474 integer (65015 binary)
Root relaxation presolve removed 82972 rows and 60743 columns
Root relaxation presolved: 363347 rows, 340888 columns, 1427223 nonzeros

Root barrier log...

Ordering time: 3.24s
Elapsed ordering time = 5s
Elapsed ordering time = 11s
Elapsed ordering time = 15s
Ordering time: 15.98s

Barrier statistics:
 AA' NZ     : 3.563e+07
 Factor NZ  : 2.288e+08 (roughly 2.0 GB of memory)
 Factor Ops : 1.373e+12 (roughly 7 seconds per iteration)
 Threads    : 9

                  Objective                Residual
Iter       Primal          Dual         Primal    Dual     Compl     Time
   0  -1.13419264e+12 -2.60823450e+12  1.18e+04 1.48e+05  9.75e+07    55s
   1  -9.26346201e+11 -2.51262114e+12  9.64e+03 4.52e+05  7.89e+07    58s
   2  -4.91154462e+11 -2.25527447e+12  4.61e+03 1.23e+05  4.28e+07    61s
   3  -5.44307986e+10 -1.77116436e+12  4.33e+02 8.30e-08  6.44e+06    64s
   4  -3.15770912e+09 -1.55543181e+12  2.87e+00 5.72e-08  2.21e+06    67s
   5   1.41381159e+09 -2.79295282e+11  6.43e-01 3.43e-08  3.62e+05    70s
   6   2.16872129e+09 -3.49350943e+10  7.12e-03 2.10e-08  4.19e+04    73s
   7   9.72992370e+08 -4.53919519e+09  1.12e-03 4.77e-09  6.20e+03    77s
   8   2.46883368e+08 -9.18342371e+08  5.60e-05 5.97e-10  1.31e+03    82s
   9   1.49976026e+08 -1.72976160e+08  2.48e-05 9.46e-10  3.63e+02    88s
  10   1.02654224e+08 -3.50444515e+07  1.38e-05 3.49e-10  1.55e+02    93s
  11   7.52466174e+07  1.46364628e+07  8.31e-06 5.82e-10  6.82e+01    98s
  12   6.52620822e+07  2.32290129e+07  6.22e-06 4.66e-10  4.73e+01   103s
  13   5.65531916e+07  2.74636910e+07  4.45e-06 4.66e-10  3.27e+01   109s
  14   5.21083010e+07  2.93203186e+07  3.61e-06 5.82e-10  2.56e+01   114s
  15   4.98286009e+07  3.02776598e+07  3.24e-06 4.66e-10  2.20e+01   119s
  16   4.58167947e+07  3.17146381e+07  2.62e-06 3.49e-10  1.59e+01   125s
  17   4.14703998e+07  3.24852675e+07  1.61e-06 3.49e-10  1.01e+01   129s
  18   4.11785851e+07  3.28343056e+07  1.54e-06 2.33e-10  9.38e+00   134s
  19   3.98588559e+07  3.31427122e+07  1.30e-06 3.49e-10  7.55e+00   139s
  20   3.96166410e+07  3.32917068e+07  1.26e-06 4.66e-10  7.11e+00   144s
  21   3.90386598e+07  3.36254525e+07  1.12e-06 8.15e-10  6.09e+00   149s
  22   3.84270073e+07  3.37666587e+07  9.71e-07 4.66e-10  5.24e+00   154s
  23   3.81966678e+07  3.38632363e+07  9.17e-07 6.98e-10  4.87e+00   159s
  24   3.78301011e+07  3.39768929e+07  8.25e-07 3.49e-10  4.33e+00   163s
  25   3.69678102e+07  3.41078963e+07  6.33e-07 3.07e-10  3.22e+00   168s
  26   3.66370699e+07  3.42340637e+07  5.46e-07 3.49e-10  2.70e+00   173s
  27   3.59724769e+07  3.43077369e+07  3.85e-07 6.98e-10  1.87e+00   178s
  28   3.56058311e+07  3.43416196e+07  2.95e-07 4.66e-10  1.42e+00   183s
  29   3.53124207e+07  3.43904572e+07  2.16e-07 5.82e-10  1.04e+00   188s
  30   3.49006146e+07  3.44328308e+07  1.06e-07 4.11e-10  5.26e-01   193s
  31   3.47362648e+07  3.44696189e+07  6.48e-08 5.82e-10  3.00e-01   198s
  32   3.46603690e+07  3.44998743e+07  4.13e-08 3.49e-10  1.81e-01   204s
  33   3.45989629e+07  3.45104754e+07  2.46e-08 4.66e-10  9.95e-02   209s
  34   3.45672835e+07  3.45140155e+07  1.43e-08 4.66e-10  5.99e-02   214s
  35   3.45528617e+07  3.45191422e+07  9.37e-09 4.66e-10  3.79e-02   219s
  36   3.45447859e+07  3.45206484e+07  6.39e-09 4.16e-10  2.71e-02   223s
  37   3.45393247e+07  3.45223121e+07  4.43e-09 2.33e-10  1.91e-02   229s
  38   3.45341774e+07  3.45228253e+07  2.54e-09 3.49e-10  1.28e-02   234s
  39   3.45294087e+07  3.45257393e+07  3.67e-09 5.04e-10  4.13e-03   240s
  40   3.45279060e+07  3.45269323e+07  2.60e-09 8.15e-10  1.10e-03   246s
  41   3.45274929e+07  3.45271846e+07  2.86e-07 4.66e-10  3.47e-04   251s
  42   3.45274245e+07  3.45272735e+07  1.23e-07 6.98e-10  1.70e-04   256s
  43   3.45273635e+07  3.45272811e+07  3.45e-07 4.66e-10  9.27e-05   261s
  44   3.45273377e+07  3.45272905e+07  2.61e-07 5.82e-10  5.31e-05   266s

Barrier solved model in 44 iterations and 265.80 seconds (385.27 work units)
Optimal objective 3.45273377e+07


Root crossover log...

   96245 DPushes remaining with DInf 0.0000000e+00               267s
    3455 DPushes remaining with DInf 1.0146674e-06               271s
    1860 DPushes remaining with DInf 0.0000000e+00               275s
       0 DPushes remaining with DInf 0.0000000e+00               279s

Restart crossover...

   96256 DPushes remaining with DInf 0.0000000e+00               280s
    4311 DPushes remaining with DInf 0.0000000e+00               285s
    3254 DPushes remaining with DInf 0.0000000e+00               290s
     865 DPushes remaining with DInf 0.0000000e+00               296s
       0 DPushes remaining with DInf 0.0000000e+00               297s

   39601 PPushes remaining with PInf 4.4745942e+04               297s
   23227 PPushes remaining with PInf 3.2904198e+04               300s
   15950 PPushes remaining with PInf 3.0853360e+04               305s
    5035 PPushes remaining with PInf 3.0321032e+04               316s
       0 PPushes remaining with PInf 2.9557539e+04               321s

  Push phase complete: Pinf 2.9557539e+04, Dinf 3.4814259e+08    321s


Root simplex log...

Iteration    Objective       Primal Inf.    Dual Inf.      Time
   70304    3.4527387e+07   0.000000e+00   3.481426e+08    322s
   70646    3.4527293e+07   0.000000e+00   2.987535e+01    326s
   71922    3.4527298e+07   0.000000e+00   0.000000e+00    332s
   71923    3.4527298e+07   0.000000e+00   0.000000e+00    336s
Extra simplex iterations after uncrush: 1

Root relaxation: objective 3.452730e+07, 71923 iterations, 307.30 seconds (514.22 work units)
Total elapsed time = 442.90s
Total elapsed time = 502.17s
Total elapsed time = 509.19s
Total elapsed time = 514.25s
Total elapsed time = 518.30s
Total elapsed time = 530.46s
Total elapsed time = 540.76s

    Nodes    |    Current Node    |     Objective Bounds      |     Work
 Expl Unexpl |  Obj  Depth IntInf | Incumbent    BestBd   Gap | It/Node Time

     0     0 3.4527e+07    0 4205          - 3.4527e+07      -     -  548s
     0     0 3.4527e+07    0 4203          - 3.4527e+07      -     -  554s
     0     0 4.5748e+07    0 3012          - 4.5748e+07      -     - 1069s
     0     0 4.6083e+07    0 2863          - 4.6083e+07      -     - 1305s
     0     0 4.7842e+07    0 3718          - 4.7842e+07      -     - 1572s
     0     0 4.7923e+07    0 3956          - 4.7923e+07      -     - 1686s
     0     0 4.7926e+07    0 4034          - 4.7926e+07      -     - 1710s
     0     0 4.7926e+07    0 4009          - 4.7926e+07      -     - 1743s
     0     0 5.0033e+07    0 2306          - 5.0033e+07      -     - 2441s
     0     0 5.0092e+07    0 2742          - 5.0092e+07      -     - 2859s
     0     0 5.0092e+07    0 2713          - 5.0092e+07      -     - 2867s
     0     0 5.0105e+07    0 2625          - 5.0105e+07      -     - 3068s
     0     0 5.0105e+07    0 2600          - 5.0105e+07      -     - 3074s
     0     0 5.0237e+07    0 2701          - 5.0237e+07      -     - 3691s
     0     0 5.0245e+07    0 2800          - 5.0245e+07      -     - 3757s
     0     0 5.0245e+07    0 2838          - 5.0245e+07      -     - 3810s
     0     0 5.0296e+07    0 2809          - 5.0296e+07      -     - 4397s
     0     0 5.0304e+07    0 2859          - 5.0304e+07      -     - 4526s
     0     0 5.0307e+07    0 2922          - 5.0307e+07      -     - 4706s
     0     0 5.0307e+07    0 2898          - 5.0307e+07      -     - 4716s
     0     0 5.0307e+07    0 2898          - 5.0307e+07      -     - 4725s
     0     0 5.0313e+07    0 2801          - 5.0313e+07      -     - 5172s
H    0     0                    6.449853e+07 5.0313e+07  22.0%     - 5507s
H    0     0                    6.332749e+07 5.0313e+07  20.6%     - 5630s
     0     0 5.0322e+07    0 2872 6.3327e+07 5.0322e+07  20.5%     - 5714s
     0     0 5.0323e+07    0 2885 6.3327e+07 5.0323e+07  20.5%     - 5803s
     0     0 5.0331e+07    0 2753 6.3327e+07 5.0331e+07  20.5%     - 6903s
H    0     0                    5.785353e+07 5.0331e+07  13.0%     - 6969s
     0     0 5.0331e+07    0 2754 5.7854e+07 5.0331e+07  13.0%     - 7035s
     0     0 5.0332e+07    0 2750 5.7854e+07 5.0332e+07  13.0%     - 7419s
H    0     0                    5.781546e+07 5.0332e+07  12.9%     - 7612s
     0     0 5.0332e+07    0 2757 5.7815e+07 5.0332e+07  12.9%     - 7617s
     0     0 5.0332e+07    0 2753 5.7815e+07 5.0332e+07  12.9%     - 8144s
     0     0 5.0332e+07    0 2742 5.7815e+07 5.0332e+07  12.9%     - 8472s
H    0     0                    5.548136e+07 5.0332e+07  9.28%     - 8551s
     0     0 5.0332e+07    0 5307 5.5481e+07 5.0332e+07  9.28%     - 9333s
     0     0 5.0332e+07    0 1959 5.5481e+07 5.0332e+07  9.28%     - 9722s
     0     0 5.0332e+07    0 2481 5.5481e+07 5.0332e+07  9.28%     - 11030s
     0     0 5.0332e+07    0 2385 5.5481e+07 5.0332e+07  9.28%     - 11144s
     0     0 5.0332e+07    0 2427 5.5481e+07 5.0332e+07  9.28%     - 11183s
     0     0 5.0338e+07    0 2310 5.5481e+07 5.0338e+07  9.27%     - 11595s
     0     0 5.0338e+07    0 2332 5.5481e+07 5.0338e+07  9.27%     - 11862s
     0     0 5.0338e+07    0 2325 5.5481e+07 5.0338e+07  9.27%     - 12095s
     0     0 5.0338e+07    0 2350 5.5481e+07 5.0338e+07  9.27%     - 12299s
     0     0 5.0339e+07    0 2313 5.5481e+07 5.0339e+07  9.27%     - 12609s
     0     0 5.0339e+07    0 2404 5.5481e+07 5.0339e+07  9.27%     - 13004s
     0     0 5.0339e+07    0 2299 5.5481e+07 5.0339e+07  9.27%     - 13113s
     0     0 5.0339e+07    0 2314 5.5481e+07 5.0339e+07  9.27%     - 13244s
     0     0 5.0339e+07    0 2317 5.5481e+07 5.0339e+07  9.27%     - 13337s
     0     0 5.0339e+07    0 2312 5.5481e+07 5.0339e+07  9.27%     - 13427s
     0     2 5.0339e+07    0 2300 5.5481e+07 5.0339e+07  9.27%     - 13819s
     1     5 5.0437e+07    1 2289 5.5481e+07 5.0348e+07  9.25% 18418 13897s
     3     8 5.0597e+07    2 1862 5.5481e+07 5.0384e+07  9.19% 10382 14056s
     7    16 5.0585e+07    3 2132 5.5481e+07 5.0585e+07  8.82% 12387 15564s
    15    26 5.0868e+07    4 2860 5.5481e+07 5.0591e+07  8.81% 59039 16199s
    25    36 5.0629e+07    5 2197 5.5481e+07 5.0616e+07  8.77% 52283 17807s
    35    46 5.0632e+07    6 2208 5.5481e+07 5.0632e+07  8.74% 48617 18634s
    45    56 5.0636e+07    7 2089 5.5481e+07 5.0636e+07  8.73% 43629 18808s
    55    68 5.0646e+07    8 2071 5.5481e+07 5.0642e+07  8.72% 40015 19120s
    68    78 5.0654e+07    9 2086 5.5481e+07 5.0648e+07  8.71% 37446 19394s
    78    89 5.0670e+07   10 2397 5.5481e+07 5.0654e+07  8.70% 36309 19693s
H   79    89                    5.535801e+07 5.0654e+07  8.50% 35849 19693s
    89   107 5.0671e+07   11 2137 5.5358e+07 5.0670e+07  8.47% 33334 20262s
   107   130 5.0674e+07   12 2242 5.5358e+07 5.0674e+07  8.46% 29898 22219s
   130   145 5.0679e+07   13 2273 5.5358e+07 5.0679e+07  8.45% 27947 22572s
   145   163 5.0709e+07   14 2529 5.5358e+07 5.0680e+07  8.45% 27637 22943s
   163   186 5.0698e+07   16 2011 5.5358e+07 5.0697e+07  8.42% 26166 23278s
   186   199 5.0839e+07   17 2343 5.5358e+07 5.0718e+07  8.38% 24561 26558s
   199   228 5.0816e+07   18 2397 5.5358e+07 5.0738e+07  8.35% 24992 27752s
   228   243 5.1254e+07   17 2405 5.5358e+07 5.0756e+07  8.31% 23180 28189s
   243   266 5.2512e+07   16 2507 5.5358e+07 5.0761e+07  8.30% 22962 28684s
   266   279 5.2370e+07   15 2819 5.5358e+07 5.0770e+07  8.29% 22538 29193s
   279   301 5.0940e+07   22 1957 5.5358e+07 5.0778e+07  8.27% 23376 29701s
   301   323 5.1898e+07   14 2260 5.5358e+07 5.0784e+07  8.26% 23047 30127s
   323   344 5.0814e+07   18 2803 5.5358e+07 5.0787e+07  8.26% 22916 30665s
   344   365 5.0845e+07   19 2189 5.5358e+07 5.0792e+07  8.25% 23125 31272s
   365   392 5.0813e+07   11 2528 5.5358e+07 5.0797e+07  8.24% 23131 31976s
   392   418 5.0937e+07   11 2121 5.5358e+07 5.0800e+07  8.23% 23061 32434s
   418   436 5.0819e+07   12 1993 5.5358e+07 5.0806e+07  8.22% 22917 32958s
   436   458 5.1939e+07   12 2194 5.5358e+07 5.0813e+07  8.21% 23053 33754s
H  439   458                    5.506965e+07 5.0813e+07  7.73% 22982 33754s
H  458   481                    5.502375e+07 5.0817e+07  7.65% 22885 34979s
H  471   481                    5.502310e+07 5.0819e+07  7.64% 22740 34979s
   481   522 5.0831e+07   17 2481 5.5023e+07 5.0820e+07  7.64% 22936 41461s
   522   549 5.0844e+07   16 2375 5.5023e+07 5.0826e+07  7.63% 23250 42202s
   551   611 5.2564e+07   16 2545 5.5023e+07 5.0829e+07  7.62% 23373 51229s
   613   649 5.1303e+07   18 2618 5.5023e+07 5.0833e+07  7.61% 22514 54608s
   651   722 5.1298e+07   14 2229 5.5023e+07 5.0837e+07  7.61% 22320 55796s
